  [1m[35m (448.8ms)[0m  [1m[35mCREATE TABLE "schema_migrations" ("version" varchar NOT NULL PRIMARY KEY)[0m
  [1m[35m (253.3ms)[0m  [1m[35mCREATE TABLE "ar_internal_metadata" ("key" varchar NOT NULL PRIMARY KEY, "value" varchar, "created_at" datetime NOT NULL, "updated_at" datetime NOT NULL)[0m
  [1m[36mActiveRecord::SchemaMigration Load (0.1ms)[0m  [1m[34mSELECT "schema_migrations".* FROM "schema_migrations"[0m
Migrating to CreateMoviesEtAl (20180405025210)
  [1m[35m (0.0ms)[0m  [1m[36mbegin transaction[0m
  [1m[35m (0.3ms)[0m  [1m[35mCREATE TABLE "categories" ("id" INTEGER PRIMARY KEY AUTOINCREMENT NOT NULL, "tipo" varchar, "descrição" varchar, "premiação" varchar, "release_date" datetime, "created_at" datetime NOT NULL, "updated_at" datetime NOT NULL)[0m
  [1m[35m (0.1ms)[0m  [1m[35mCREATE TABLE "movies" ("id" INTEGER PRIMARY KEY AUTOINCREMENT NOT NULL, "title" varchar, "rating" varchar, "description" text, "release_date" datetime, "created_at" datetime NOT NULL, "updated_at" datetime NOT NULL)[0m
  [1m[35mSQL (0.1ms)[0m  [1m[32mINSERT INTO "schema_migrations" ("version") VALUES (?)[0m  [["version", "20180405025210"]]
  [1m[35m (113.3ms)[0m  [1m[36mcommit transaction[0m
Migrating to CreateAllRatings (20220717163655)
  [1m[35m (0.1ms)[0m  [1m[36mbegin transaction[0m
  [1m[35m (0.7ms)[0m  [1m[35mCREATE TABLE "all_ratings" ("id" INTEGER PRIMARY KEY AUTOINCREMENT NOT NULL, "created_at" datetime NOT NULL, "updated_at" datetime NOT NULL)[0m
  [1m[35mSQL (0.3ms)[0m  [1m[32mINSERT INTO "schema_migrations" ("version") VALUES (?)[0m  [["version", "20220717163655"]]
  [1m[35m (95.9ms)[0m  [1m[36mcommit transaction[0m
  [1m[36mActiveRecord::InternalMetadata Load (0.1ms)[0m  [1m[34mSELECT  "ar_internal_metadata".* FROM "ar_internal_metadata" WHERE "ar_internal_metadata"."key" = ? LIMIT ?[0m  [["key", "environment"], ["LIMIT", 1]]
  [1m[35m (0.0ms)[0m  [1m[36mbegin transaction[0m
  [1m[35mSQL (0.2ms)[0m  [1m[32mINSERT INTO "ar_internal_metadata" ("key", "value", "created_at", "updated_at") VALUES (?, ?, ?, ?)[0m  [["key", "environment"], ["value", "development"], ["created_at", "2022-07-17 16:39:07.452070"], ["updated_at", "2022-07-17 16:39:07.452070"]]
  [1m[35m (84.6ms)[0m  [1m[36mcommit transaction[0m
  [1m[36mActiveRecord::SchemaMigration Load (0.1ms)[0m  [1m[34mSELECT "schema_migrations".* FROM "schema_migrations"[0m
  [1m[36mActiveRecord::SchemaMigration Load (0.1ms)[0m  [1m[34mSELECT "schema_migrations".* FROM "schema_migrations"[0m
  [1m[35m (0.0ms)[0m  [1m[36mbegin transaction[0m
  [1m[35mSQL (0.6ms)[0m  [1m[32mINSERT INTO "movies" ("title", "rating", "release_date", "created_at", "updated_at") VALUES (?, ?, ?, ?, ?)[0m  [["title", "Aladdin"], ["rating", "G"], ["release_date", "1992-11-25 00:00:00"], ["created_at", "2022-07-17 16:39:13.038718"], ["updated_at", "2022-07-17 16:39:13.038718"]]
  [1m[35m (110.9ms)[0m  [1m[36mcommit transaction[0m
  [1m[35m (0.1ms)[0m  [1m[36mbegin transaction[0m
  [1m[35mSQL (0.2ms)[0m  [1m[32mINSERT INTO "movies" ("title", "rating", "release_date", "created_at", "updated_at") VALUES (?, ?, ?, ?, ?)[0m  [["title", "The Terminator"], ["rating", "R"], ["release_date", "1984-10-26 00:00:00"], ["created_at", "2022-07-17 16:39:13.151942"], ["updated_at", "2022-07-17 16:39:13.151942"]]
  [1m[35m (86.0ms)[0m  [1m[36mcommit transaction[0m
  [1m[35m (0.1ms)[0m  [1m[36mbegin transaction[0m
  [1m[35mSQL (0.3ms)[0m  [1m[32mINSERT INTO "movies" ("title", "rating", "release_date", "created_at", "updated_at") VALUES (?, ?, ?, ?, ?)[0m  [["title", "When Harry Met Sally"], ["rating", "R"], ["release_date", "1989-07-21 00:00:00"], ["created_at", "2022-07-17 16:39:13.239972"], ["updated_at", "2022-07-17 16:39:13.239972"]]
  [1m[35m (95.4ms)[0m  [1m[36mcommit transaction[0m
  [1m[35m (0.1ms)[0m  [1m[36mbegin transaction[0m
  [1m[35mSQL (0.6ms)[0m  [1m[32mINSERT INTO "movies" ("title", "rating", "release_date", "created_at", "updated_at") VALUES (?, ?, ?, ?, ?)[0m  [["title", "The Help"], ["rating", "PG-13"], ["release_date", "2011-08-10 00:00:00"], ["created_at", "2022-07-17 16:39:13.339937"], ["updated_at", "2022-07-17 16:39:13.339937"]]
  [1m[35m (95.3ms)[0m  [1m[36mcommit transaction[0m
  [1m[35m (0.2ms)[0m  [1m[36mbegin transaction[0m
  [1m[35mSQL (0.6ms)[0m  [1m[32mINSERT INTO "movies" ("title", "rating", "release_date", "created_at", "updated_at") VALUES (?, ?, ?, ?, ?)[0m  [["title", "Chocolat"], ["rating", "PG-13"], ["release_date", "2001-01-05 00:00:00"], ["created_at", "2022-07-17 16:39:13.441716"], ["updated_at", "2022-07-17 16:39:13.441716"]]
  [1m[35m (117.1ms)[0m  [1m[36mcommit transaction[0m
  [1m[35m (0.2ms)[0m  [1m[36mbegin transaction[0m
  [1m[35mSQL (0.6ms)[0m  [1m[32mINSERT INTO "movies" ("title", "rating", "release_date", "created_at", "updated_at") VALUES (?, ?, ?, ?, ?)[0m  [["title", "Amelie"], ["rating", "R"], ["release_date", "2001-04-25 00:00:00"], ["created_at", "2022-07-17 16:39:13.563628"], ["updated_at", "2022-07-17 16:39:13.563628"]]
  [1m[35m (117.9ms)[0m  [1m[36mcommit transaction[0m
  [1m[35m (0.2ms)[0m  [1m[36mbegin transaction[0m
  [1m[35mSQL (0.6ms)[0m  [1m[32mINSERT INTO "movies" ("title", "rating", "release_date", "created_at", "updated_at") VALUES (?, ?, ?, ?, ?)[0m  [["title", "2001: A Space Odyssey"], ["rating", "G"], ["release_date", "1968-04-06 00:00:00"], ["created_at", "2022-07-17 16:39:13.685781"], ["updated_at", "2022-07-17 16:39:13.685781"]]
  [1m[35m (93.9ms)[0m  [1m[36mcommit transaction[0m
  [1m[35m (0.1ms)[0m  [1m[36mbegin transaction[0m
  [1m[35mSQL (0.3ms)[0m  [1m[32mINSERT INTO "movies" ("title", "rating", "release_date", "created_at", "updated_at") VALUES (?, ?, ?, ?, ?)[0m  [["title", "The Incredibles"], ["rating", "PG"], ["release_date", "2004-11-05 00:00:00"], ["created_at", "2022-07-17 16:39:13.783165"], ["updated_at", "2022-07-17 16:39:13.783165"]]
  [1m[35m (85.8ms)[0m  [1m[36mcommit transaction[0m
  [1m[35m (0.2ms)[0m  [1m[36mbegin transaction[0m
  [1m[35mSQL (0.5ms)[0m  [1m[32mINSERT INTO "movies" ("title", "rating", "release_date", "created_at", "updated_at") VALUES (?, ?, ?, ?, ?)[0m  [["title", "Raiders of the Lost Ark"], ["rating", "PG"], ["release_date", "1981-06-12 00:00:00"], ["created_at", "2022-07-17 16:39:13.872988"], ["updated_at", "2022-07-17 16:39:13.872988"]]
  [1m[35m (93.8ms)[0m  [1m[36mcommit transaction[0m
  [1m[35m (0.2ms)[0m  [1m[36mbegin transaction[0m
  [1m[35mSQL (0.5ms)[0m  [1m[32mINSERT INTO "movies" ("title", "rating", "release_date", "created_at", "updated_at") VALUES (?, ?, ?, ?, ?)[0m  [["title", "Chicken Run"], ["rating", "G"], ["release_date", "2000-06-21 00:00:00"], ["created_at", "2022-07-17 16:39:13.971340"], ["updated_at", "2022-07-17 16:39:13.971340"]]
  [1m[35m (95.3ms)[0m  [1m[36mcommit transaction[0m
  [1m[35m (0.0ms)[0m  [1m[36mbegin transaction[0m
  [1m[35mSQL (0.2ms)[0m  [1m[32mINSERT INTO "categories" ("tipo", "descrição", "premiação", "release_date", "created_at", "updated_at") VALUES (?, ?, ?, ?, ?, ?)[0m  [["tipo", "Infantil"], ["descrição", "Filme para crianças"], ["premiação", "Oscar 2017"], ["release_date", "1992-11-25 00:00:00"], ["created_at", "2022-07-17 16:39:14.083607"], ["updated_at", "2022-07-17 16:39:14.083607"]]
  [1m[35m (95.2ms)[0m  [1m[36mcommit transaction[0m
  [1m[35m (0.2ms)[0m  [1m[36mbegin transaction[0m
  [1m[35mSQL (0.5ms)[0m  [1m[32mINSERT INTO "categories" ("tipo", "descrição", "premiação", "release_date", "created_at", "updated_at") VALUES (?, ?, ?, ?, ?, ?)[0m  [["tipo", "Desenho"], ["descrição", "Filme com animação"], ["premiação", "Oscar 2005"], ["release_date", "1990-11-25 00:00:00"], ["created_at", "2022-07-17 16:39:14.182547"], ["updated_at", "2022-07-17 16:39:14.182547"]]
  [1m[35m (95.1ms)[0m  [1m[36mcommit transaction[0m
Started GET "/movies" for 127.0.0.1 at 2022-07-17 12:40:05 -0400
  [1m[36mActiveRecord::SchemaMigration Load (0.2ms)[0m  [1m[34mSELECT "schema_migrations".* FROM "schema_migrations"[0m
Processing by MoviesController#index as HTML
  Rendering movies/index.html.haml within layouts/application
  [1m[36mMovie Load (0.3ms)[0m  [1m[34mSELECT "movies".* FROM "movies"[0m
  Rendered movies/index.html.haml within layouts/application (11.7ms)
Completed 200 OK in 491ms (Views: 483.3ms | ActiveRecord: 0.7ms)


Started GET "/movies/new" for 127.0.0.1 at 2022-07-17 12:40:09 -0400
Processing by MoviesController#new as HTML
  Rendering movies/new.html.haml within layouts/application
  Rendered movies/new.html.haml within layouts/application (38.2ms)
Completed 200 OK in 74ms (Views: 72.1ms | ActiveRecord: 0.0ms)


Started POST "/movies" for 127.0.0.1 at 2022-07-17 12:40:11 -0400
Processing by MoviesController#create as HTML
  Parameters: {"utf8"=>"✓", "authenticity_token"=>"ISTkMUNyiiBSLKkYdeBrFvGqCgn6587wOIGV0uOLaUQQtTSjt6Mx6o9AJcRCCz/i2EJx/aPeTmiTfGQggZxZoQ==", "movie"=>{"title"=>"gfdgdfgdfgdf", "rating"=>"G", "release_date(1i)"=>"2022", "release_date(2i)"=>"7", "release_date(3i)"=>"17"}, "commit"=>"Save Changes"}
  [1m[35m (0.2ms)[0m  [1m[36mbegin transaction[0m
  [1m[35mSQL (0.3ms)[0m  [1m[32mINSERT INTO "movies" ("title", "rating", "release_date", "created_at", "updated_at") VALUES (?, ?, ?, ?, ?)[0m  [["title", "gfdgdfgdfgdf"], ["rating", "G"], ["release_date", "2022-07-17 00:00:00"], ["created_at", "2022-07-17 16:40:11.920718"], ["updated_at", "2022-07-17 16:40:11.920718"]]
  [1m[35m (98.9ms)[0m  [1m[36mcommit transaction[0m
Completed 500 Internal Server Error in 110ms (ActiveRecord: 99.9ms)


  
ActiveModel::UnknownAttributeError (unknown attribute 'all_rating' for AllRating.):
  
app/controllers/movies_controller.rb:19:in `create'
  Rendering /home/atila/.rvm/gems/ruby-2.5.1/gems/actionpack-5.0.7/lib/action_dispatch/middleware/templates/rescues/diagnostics.html.erb within rescues/layout
  Rendering /home/atila/.rvm/gems/ruby-2.5.1/gems/actionpack-5.0.7/lib/action_dispatch/middleware/templates/rescues/_source.html.erb
  Rendered /home/atila/.rvm/gems/ruby-2.5.1/gems/actionpack-5.0.7/lib/action_dispatch/middleware/templates/rescues/_source.html.erb (2.5ms)
  Rendering /home/atila/.rvm/gems/ruby-2.5.1/gems/actionpack-5.0.7/lib/action_dispatch/middleware/templates/rescues/_trace.html.erb
  Rendered /home/atila/.rvm/gems/ruby-2.5.1/gems/actionpack-5.0.7/lib/action_dispatch/middleware/templates/rescues/_trace.html.erb (1.3ms)
  Rendering /home/atila/.rvm/gems/ruby-2.5.1/gems/actionpack-5.0.7/lib/action_dispatch/middleware/templates/rescues/_request_and_response.html.erb
  Rendered /home/atila/.rvm/gems/ruby-2.5.1/gems/actionpack-5.0.7/lib/action_dispatch/middleware/templates/rescues/_request_and_response.html.erb (0.8ms)
  Rendered /home/atila/.rvm/gems/ruby-2.5.1/gems/actionpack-5.0.7/lib/action_dispatch/middleware/templates/rescues/diagnostics.html.erb within rescues/layout (18.5ms)
Started GET "/movies/new" for 127.0.0.1 at 2022-07-17 12:42:05 -0400
  [1m[36mActiveRecord::SchemaMigration Load (0.2ms)[0m  [1m[34mSELECT "schema_migrations".* FROM "schema_migrations"[0m
Processing by MoviesController#new as HTML
  Rendering movies/new.html.haml within layouts/application
  Rendered movies/new.html.haml within layouts/application (23.9ms)
Completed 200 OK in 253ms (Views: 232.4ms | ActiveRecord: 0.8ms)


Started POST "/movies" for 127.0.0.1 at 2022-07-17 12:42:09 -0400
Processing by MoviesController#create as HTML
  Parameters: {"utf8"=>"✓", "authenticity_token"=>"kugu5BbP6c58p5+C+U2mr9F3yKcFGUIv7pTKpFdSKtyQ8s6GJex/R4RkkSE9+rgTgDwgjkm2diFi6pAXqjYR7Q==", "movie"=>{"title"=>"gfgfgfddgfsaaa", "rating"=>"G", "release_date(1i)"=>"2022", "release_date(2i)"=>"7", "release_date(3i)"=>"17"}, "commit"=>"Save Changes"}
  [1m[35m (0.4ms)[0m  [1m[36mbegin transaction[0m
  [1m[35mSQL (0.3ms)[0m  [1m[32mINSERT INTO "movies" ("title", "rating", "release_date", "created_at", "updated_at") VALUES (?, ?, ?, ?, ?)[0m  [["title", "gfgfgfddgfsaaa"], ["rating", "G"], ["release_date", "2022-07-17 00:00:00"], ["created_at", "2022-07-17 16:42:09.794487"], ["updated_at", "2022-07-17 16:42:09.794487"]]
  [1m[35m (294.8ms)[0m  [1m[36mcommit transaction[0m
Completed 500 Internal Server Error in 434ms (ActiveRecord: 295.4ms)


  
NameError (undefined local variable or method `all_rating_params' for #<MoviesController:0x00007f1f80053470>
Did you mean?  all_rating_path
               all_rating_url
               all_ratings_path):
  
app/controllers/movies_controller.rb:19:in `create'
  Rendering /home/atila/.rvm/gems/ruby-2.5.1/gems/actionpack-5.0.7/lib/action_dispatch/middleware/templates/rescues/diagnostics.html.erb within rescues/layout
  Rendering /home/atila/.rvm/gems/ruby-2.5.1/gems/actionpack-5.0.7/lib/action_dispatch/middleware/templates/rescues/_source.html.erb
  Rendered /home/atila/.rvm/gems/ruby-2.5.1/gems/actionpack-5.0.7/lib/action_dispatch/middleware/templates/rescues/_source.html.erb (2.4ms)
  Rendering /home/atila/.rvm/gems/ruby-2.5.1/gems/actionpack-5.0.7/lib/action_dispatch/middleware/templates/rescues/_trace.html.erb
  Rendered /home/atila/.rvm/gems/ruby-2.5.1/gems/actionpack-5.0.7/lib/action_dispatch/middleware/templates/rescues/_trace.html.erb (1.3ms)
  Rendering /home/atila/.rvm/gems/ruby-2.5.1/gems/actionpack-5.0.7/lib/action_dispatch/middleware/templates/rescues/_request_and_response.html.erb
  Rendered /home/atila/.rvm/gems/ruby-2.5.1/gems/actionpack-5.0.7/lib/action_dispatch/middleware/templates/rescues/_request_and_response.html.erb (1.0ms)
  Rendered /home/atila/.rvm/gems/ruby-2.5.1/gems/actionpack-5.0.7/lib/action_dispatch/middleware/templates/rescues/diagnostics.html.erb within rescues/layout (68.7ms)
Started POST "/movies" for 127.0.0.1 at 2022-07-17 12:42:51 -0400
  [1m[36mActiveRecord::SchemaMigration Load (0.1ms)[0m  [1m[34mSELECT "schema_migrations".* FROM "schema_migrations"[0m
Processing by MoviesController#create as HTML
  Parameters: {"utf8"=>"✓", "authenticity_token"=>"kugu5BbP6c58p5+C+U2mr9F3yKcFGUIv7pTKpFdSKtyQ8s6GJex/R4RkkSE9+rgTgDwgjkm2diFi6pAXqjYR7Q==", "movie"=>{"title"=>"gfgfgfddgfsaaa", "rating"=>"G", "release_date(1i)"=>"2022", "release_date(2i)"=>"7", "release_date(3i)"=>"17"}, "commit"=>"Save Changes"}
  [1m[35m (0.1ms)[0m  [1m[36mbegin transaction[0m
  [1m[35mSQL (0.5ms)[0m  [1m[32mINSERT INTO "movies" ("title", "rating", "release_date", "created_at", "updated_at") VALUES (?, ?, ?, ?, ?)[0m  [["title", "gfgfgfddgfsaaa"], ["rating", "G"], ["release_date", "2022-07-17 00:00:00"], ["created_at", "2022-07-17 16:42:51.855502"], ["updated_at", "2022-07-17 16:42:51.855502"]]
  [1m[35m (99.3ms)[0m  [1m[36mcommit transaction[0m
Completed 500 Internal Server Error in 145ms (ActiveRecord: 100.4ms)


  
NoMethodError (undefined method `all_rating_params' for #<Class:0x000055bf9dc5d250>):
  
app/controllers/movies_controller.rb:19:in `create'
  Rendering /home/atila/.rvm/gems/ruby-2.5.1/gems/actionpack-5.0.7/lib/action_dispatch/middleware/templates/rescues/diagnostics.html.erb within rescues/layout
  Rendering /home/atila/.rvm/gems/ruby-2.5.1/gems/actionpack-5.0.7/lib/action_dispatch/middleware/templates/rescues/_source.html.erb
  Rendered /home/atila/.rvm/gems/ruby-2.5.1/gems/actionpack-5.0.7/lib/action_dispatch/middleware/templates/rescues/_source.html.erb (2.2ms)
  Rendering /home/atila/.rvm/gems/ruby-2.5.1/gems/actionpack-5.0.7/lib/action_dispatch/middleware/templates/rescues/_trace.html.erb
  Rendered /home/atila/.rvm/gems/ruby-2.5.1/gems/actionpack-5.0.7/lib/action_dispatch/middleware/templates/rescues/_trace.html.erb (1.1ms)
  Rendering /home/atila/.rvm/gems/ruby-2.5.1/gems/actionpack-5.0.7/lib/action_dispatch/middleware/templates/rescues/_request_and_response.html.erb
  Rendered /home/atila/.rvm/gems/ruby-2.5.1/gems/actionpack-5.0.7/lib/action_dispatch/middleware/templates/rescues/_request_and_response.html.erb (1.1ms)
  Rendered /home/atila/.rvm/gems/ruby-2.5.1/gems/actionpack-5.0.7/lib/action_dispatch/middleware/templates/rescues/diagnostics.html.erb within rescues/layout (21.3ms)
Started POST "/movies" for 127.0.0.1 at 2022-07-17 12:43:58 -0400
  [1m[36mActiveRecord::SchemaMigration Load (0.1ms)[0m  [1m[34mSELECT "schema_migrations".* FROM "schema_migrations"[0m
Processing by MoviesController#create as HTML
  Parameters: {"utf8"=>"✓", "authenticity_token"=>"kugu5BbP6c58p5+C+U2mr9F3yKcFGUIv7pTKpFdSKtyQ8s6GJex/R4RkkSE9+rgTgDwgjkm2diFi6pAXqjYR7Q==", "movie"=>{"title"=>"gfgfgfddgfsaaa", "rating"=>"G", "release_date(1i)"=>"2022", "release_date(2i)"=>"7", "release_date(3i)"=>"17"}, "commit"=>"Save Changes"}
  [1m[35m (0.1ms)[0m  [1m[36mbegin transaction[0m
  [1m[35mSQL (0.3ms)[0m  [1m[32mINSERT INTO "movies" ("title", "rating", "release_date", "created_at", "updated_at") VALUES (?, ?, ?, ?, ?)[0m  [["title", "gfgfgfddgfsaaa"], ["rating", "G"], ["release_date", "2022-07-17 00:00:00"], ["created_at", "2022-07-17 16:43:59.111261"], ["updated_at", "2022-07-17 16:43:59.111261"]]
  [1m[35m (111.1ms)[0m  [1m[36mcommit transaction[0m
Completed 500 Internal Server Error in 145ms (ActiveRecord: 112.1ms)


  
NoMethodError (undefined method `all_rating_params' for #<Class:0x00007f8a5499fd00>):
  
app/controllers/movies_controller.rb:19:in `create'
  Rendering /home/atila/.rvm/gems/ruby-2.5.1/gems/actionpack-5.0.7/lib/action_dispatch/middleware/templates/rescues/diagnostics.html.erb within rescues/layout
  Rendering /home/atila/.rvm/gems/ruby-2.5.1/gems/actionpack-5.0.7/lib/action_dispatch/middleware/templates/rescues/_source.html.erb
  Rendered /home/atila/.rvm/gems/ruby-2.5.1/gems/actionpack-5.0.7/lib/action_dispatch/middleware/templates/rescues/_source.html.erb (2.7ms)
  Rendering /home/atila/.rvm/gems/ruby-2.5.1/gems/actionpack-5.0.7/lib/action_dispatch/middleware/templates/rescues/_trace.html.erb
  Rendered /home/atila/.rvm/gems/ruby-2.5.1/gems/actionpack-5.0.7/lib/action_dispatch/middleware/templates/rescues/_trace.html.erb (1.1ms)
  Rendering /home/atila/.rvm/gems/ruby-2.5.1/gems/actionpack-5.0.7/lib/action_dispatch/middleware/templates/rescues/_request_and_response.html.erb
  Rendered /home/atila/.rvm/gems/ruby-2.5.1/gems/actionpack-5.0.7/lib/action_dispatch/middleware/templates/rescues/_request_and_response.html.erb (0.8ms)
  Rendered /home/atila/.rvm/gems/ruby-2.5.1/gems/actionpack-5.0.7/lib/action_dispatch/middleware/templates/rescues/diagnostics.html.erb within rescues/layout (20.0ms)
Started POST "/movies" for 127.0.0.1 at 2022-07-17 12:44:33 -0400
  [1m[36mActiveRecord::SchemaMigration Load (0.2ms)[0m  [1m[34mSELECT "schema_migrations".* FROM "schema_migrations"[0m
Processing by MoviesController#create as HTML
  Parameters: {"utf8"=>"✓", "authenticity_token"=>"kugu5BbP6c58p5+C+U2mr9F3yKcFGUIv7pTKpFdSKtyQ8s6GJex/R4RkkSE9+rgTgDwgjkm2diFi6pAXqjYR7Q==", "movie"=>{"title"=>"gfgfgfddgfsaaa", "rating"=>"G", "release_date(1i)"=>"2022", "release_date(2i)"=>"7", "release_date(3i)"=>"17"}, "commit"=>"Save Changes"}
  [1m[35m (0.0ms)[0m  [1m[36mbegin transaction[0m
  [1m[35mSQL (0.4ms)[0m  [1m[32mINSERT INTO "movies" ("title", "rating", "release_date", "created_at", "updated_at") VALUES (?, ?, ?, ?, ?)[0m  [["title", "gfgfgfddgfsaaa"], ["rating", "G"], ["release_date", "2022-07-17 00:00:00"], ["created_at", "2022-07-17 16:44:33.874823"], ["updated_at", "2022-07-17 16:44:33.874823"]]
  [1m[35m (383.4ms)[0m  [1m[36mcommit transaction[0m
Completed 500 Internal Server Error in 419ms (ActiveRecord: 384.2ms)


  
NoMethodError (undefined method `all_rating_params' for #<Class:0x00007feb3c9d1ac8>):
  
app/controllers/movies_controller.rb:19:in `create'
  Rendering /home/atila/.rvm/gems/ruby-2.5.1/gems/actionpack-5.0.7/lib/action_dispatch/middleware/templates/rescues/diagnostics.html.erb within rescues/layout
  Rendering /home/atila/.rvm/gems/ruby-2.5.1/gems/actionpack-5.0.7/lib/action_dispatch/middleware/templates/rescues/_source.html.erb
  Rendered /home/atila/.rvm/gems/ruby-2.5.1/gems/actionpack-5.0.7/lib/action_dispatch/middleware/templates/rescues/_source.html.erb (2.1ms)
  Rendering /home/atila/.rvm/gems/ruby-2.5.1/gems/actionpack-5.0.7/lib/action_dispatch/middleware/templates/rescues/_trace.html.erb
  Rendered /home/atila/.rvm/gems/ruby-2.5.1/gems/actionpack-5.0.7/lib/action_dispatch/middleware/templates/rescues/_trace.html.erb (1.0ms)
  Rendering /home/atila/.rvm/gems/ruby-2.5.1/gems/actionpack-5.0.7/lib/action_dispatch/middleware/templates/rescues/_request_and_response.html.erb
  Rendered /home/atila/.rvm/gems/ruby-2.5.1/gems/actionpack-5.0.7/lib/action_dispatch/middleware/templates/rescues/_request_and_response.html.erb (0.8ms)
  Rendered /home/atila/.rvm/gems/ruby-2.5.1/gems/actionpack-5.0.7/lib/action_dispatch/middleware/templates/rescues/diagnostics.html.erb within rescues/layout (20.4ms)
Started POST "/movies" for 127.0.0.1 at 2022-07-17 12:45:13 -0400
  [1m[36mActiveRecord::SchemaMigration Load (0.2ms)[0m  [1m[34mSELECT "schema_migrations".* FROM "schema_migrations"[0m
Processing by MoviesController#create as HTML
  Parameters: {"utf8"=>"✓", "authenticity_token"=>"kugu5BbP6c58p5+C+U2mr9F3yKcFGUIv7pTKpFdSKtyQ8s6GJex/R4RkkSE9+rgTgDwgjkm2diFi6pAXqjYR7Q==", "movie"=>{"title"=>"gfgfgfddgfsaaa", "rating"=>"G", "release_date(1i)"=>"2022", "release_date(2i)"=>"7", "release_date(3i)"=>"17"}, "commit"=>"Save Changes"}
  [1m[35m (0.1ms)[0m  [1m[36mbegin transaction[0m
  [1m[35mSQL (0.6ms)[0m  [1m[32mINSERT INTO "movies" ("title", "rating", "release_date", "created_at", "updated_at") VALUES (?, ?, ?, ?, ?)[0m  [["title", "gfgfgfddgfsaaa"], ["rating", "G"], ["release_date", "2022-07-17 00:00:00"], ["created_at", "2022-07-17 16:45:13.359358"], ["updated_at", "2022-07-17 16:45:13.359358"]]
  [1m[35m (100.7ms)[0m  [1m[36mcommit transaction[0m
Redirected to http://0.0.0.0:3000/movies
Completed 302 Found in 129ms (ActiveRecord: 102.4ms)


Started GET "/movies" for 127.0.0.1 at 2022-07-17 12:45:13 -0400
Processing by MoviesController#index as HTML
  Rendering movies/index.html.haml within layouts/application
  [1m[36mMovie Load (0.2ms)[0m  [1m[34mSELECT "movies".* FROM "movies"[0m
  Rendered movies/index.html.haml within layouts/application (4.9ms)
Completed 200 OK in 171ms (Views: 169.5ms | ActiveRecord: 0.2ms)


Started GET "/movies" for 127.0.0.1 at 2022-07-17 12:46:47 -0400
  [1m[36mActiveRecord::SchemaMigration Load (0.1ms)[0m  [1m[34mSELECT "schema_migrations".* FROM "schema_migrations"[0m
Processing by MoviesController#index as HTML
  Rendering movies/index.html.haml within layouts/application
  [1m[36mMovie Load (0.2ms)[0m  [1m[34mSELECT "movies".* FROM "movies"[0m
  Rendered movies/index.html.haml within layouts/application (19.3ms)
Completed 200 OK in 230ms (Views: 222.4ms | ActiveRecord: 0.7ms)


Started GET "/movies/new" for 127.0.0.1 at 2022-07-17 12:46:49 -0400
Processing by MoviesController#new as HTML
  Rendering movies/new.html.haml within layouts/application
  Rendered movies/new.html.haml within layouts/application (17.2ms)
Completed 200 OK in 42ms (Views: 40.6ms | ActiveRecord: 0.0ms)


Started POST "/movies" for 127.0.0.1 at 2022-07-17 12:46:52 -0400
Processing by MoviesController#create as HTML
  Parameters: {"utf8"=>"✓", "authenticity_token"=>"MxzONMkywtwgTIz4gkblpUhhEnXlUqk9pOujiwAYz5ECjR6mPeN5Fv0gACS1rbFRYYlpgbxrKaUPFlJ5Yg//dA==", "movie"=>{"title"=>"fgfdgdggdfgf", "rating"=>"G", "release_date(1i)"=>"2022", "release_date(2i)"=>"7", "release_date(3i)"=>"17"}, "commit"=>"Save Changes"}
  [1m[35m (0.6ms)[0m  [1m[36mbegin transaction[0m
  [1m[35mSQL (0.6ms)[0m  [1m[32mINSERT INTO "movies" ("title", "rating", "release_date", "created_at", "updated_at") VALUES (?, ?, ?, ?, ?)[0m  [["title", "fgfdgdggdfgf"], ["rating", "G"], ["release_date", "2022-07-17 00:00:00"], ["created_at", "2022-07-17 16:46:52.100521"], ["updated_at", "2022-07-17 16:46:52.100521"]]
  [1m[35m (342.0ms)[0m  [1m[36mcommit transaction[0m
  [1m[35m (0.0ms)[0m  [1m[36mbegin transaction[0m
  [1m[35m (0.0ms)[0m  [1m[31mrollback transaction[0m
Completed 500 Internal Server Error in 356ms (ActiveRecord: 343.8ms)


  
ActiveModel::UnknownAttributeError (unknown attribute 'all_ratings' for AllRating.):
  
app/controllers/movies_controller.rb:20:in `create'
  Rendering /home/atila/.rvm/gems/ruby-2.5.1/gems/actionpack-5.0.7/lib/action_dispatch/middleware/templates/rescues/diagnostics.html.erb within rescues/layout
  Rendering /home/atila/.rvm/gems/ruby-2.5.1/gems/actionpack-5.0.7/lib/action_dispatch/middleware/templates/rescues/_source.html.erb
  Rendered /home/atila/.rvm/gems/ruby-2.5.1/gems/actionpack-5.0.7/lib/action_dispatch/middleware/templates/rescues/_source.html.erb (2.6ms)
  Rendering /home/atila/.rvm/gems/ruby-2.5.1/gems/actionpack-5.0.7/lib/action_dispatch/middleware/templates/rescues/_trace.html.erb
  Rendered /home/atila/.rvm/gems/ruby-2.5.1/gems/actionpack-5.0.7/lib/action_dispatch/middleware/templates/rescues/_trace.html.erb (1.1ms)
  Rendering /home/atila/.rvm/gems/ruby-2.5.1/gems/actionpack-5.0.7/lib/action_dispatch/middleware/templates/rescues/_request_and_response.html.erb
  Rendered /home/atila/.rvm/gems/ruby-2.5.1/gems/actionpack-5.0.7/lib/action_dispatch/middleware/templates/rescues/_request_and_response.html.erb (0.7ms)
  Rendered /home/atila/.rvm/gems/ruby-2.5.1/gems/actionpack-5.0.7/lib/action_dispatch/middleware/templates/rescues/diagnostics.html.erb within rescues/layout (16.7ms)
Started POST "/movies" for 127.0.0.1 at 2022-07-17 12:47:37 -0400
  [1m[36mActiveRecord::SchemaMigration Load (0.2ms)[0m  [1m[34mSELECT "schema_migrations".* FROM "schema_migrations"[0m
Processing by MoviesController#create as HTML
  Parameters: {"utf8"=>"✓", "authenticity_token"=>"MxzONMkywtwgTIz4gkblpUhhEnXlUqk9pOujiwAYz5ECjR6mPeN5Fv0gACS1rbFRYYlpgbxrKaUPFlJ5Yg//dA==", "movie"=>{"title"=>"fgfdgdggdfgf", "rating"=>"G", "release_date(1i)"=>"2022", "release_date(2i)"=>"7", "release_date(3i)"=>"17"}, "commit"=>"Save Changes"}
  [1m[35m (0.2ms)[0m  [1m[36mbegin transaction[0m
  [1m[35mSQL (0.3ms)[0m  [1m[32mINSERT INTO "movies" ("title", "rating", "release_date", "created_at", "updated_at") VALUES (?, ?, ?, ?, ?)[0m  [["title", "fgfdgdggdfgf"], ["rating", "G"], ["release_date", "2022-07-17 00:00:00"], ["created_at", "2022-07-17 16:47:37.678092"], ["updated_at", "2022-07-17 16:47:37.678092"]]
  [1m[35m (118.3ms)[0m  [1m[36mcommit transaction[0m
Completed 500 Internal Server Error in 148ms (ActiveRecord: 119.7ms)


  
ActiveModel::MissingAttributeError (can't write unknown attribute `ratings`):
  
app/controllers/movies_controller.rb:20:in `create'
  Rendering /home/atila/.rvm/gems/ruby-2.5.1/gems/actionpack-5.0.7/lib/action_dispatch/middleware/templates/rescues/diagnostics.html.erb within rescues/layout
  Rendering /home/atila/.rvm/gems/ruby-2.5.1/gems/actionpack-5.0.7/lib/action_dispatch/middleware/templates/rescues/_source.html.erb
  Rendered /home/atila/.rvm/gems/ruby-2.5.1/gems/actionpack-5.0.7/lib/action_dispatch/middleware/templates/rescues/_source.html.erb (2.3ms)
  Rendering /home/atila/.rvm/gems/ruby-2.5.1/gems/actionpack-5.0.7/lib/action_dispatch/middleware/templates/rescues/_trace.html.erb
  Rendered /home/atila/.rvm/gems/ruby-2.5.1/gems/actionpack-5.0.7/lib/action_dispatch/middleware/templates/rescues/_trace.html.erb (1.1ms)
  Rendering /home/atila/.rvm/gems/ruby-2.5.1/gems/actionpack-5.0.7/lib/action_dispatch/middleware/templates/rescues/_request_and_response.html.erb
  Rendered /home/atila/.rvm/gems/ruby-2.5.1/gems/actionpack-5.0.7/lib/action_dispatch/middleware/templates/rescues/_request_and_response.html.erb (0.8ms)
  Rendered /home/atila/.rvm/gems/ruby-2.5.1/gems/actionpack-5.0.7/lib/action_dispatch/middleware/templates/rescues/diagnostics.html.erb within rescues/layout (20.5ms)
Started POST "/movies" for 127.0.0.1 at 2022-07-17 12:48:44 -0400
  [1m[36mActiveRecord::SchemaMigration Load (0.2ms)[0m  [1m[34mSELECT "schema_migrations".* FROM "schema_migrations"[0m
Processing by MoviesController#create as HTML
  Parameters: {"utf8"=>"✓", "authenticity_token"=>"MxzONMkywtwgTIz4gkblpUhhEnXlUqk9pOujiwAYz5ECjR6mPeN5Fv0gACS1rbFRYYlpgbxrKaUPFlJ5Yg//dA==", "movie"=>{"title"=>"fgfdgdggdfgf", "rating"=>"G", "release_date(1i)"=>"2022", "release_date(2i)"=>"7", "release_date(3i)"=>"17"}, "commit"=>"Save Changes"}
  [1m[35m (0.1ms)[0m  [1m[36mbegin transaction[0m
  [1m[35mSQL (0.3ms)[0m  [1m[32mINSERT INTO "movies" ("title", "rating", "release_date", "created_at", "updated_at") VALUES (?, ?, ?, ?, ?)[0m  [["title", "fgfdgdggdfgf"], ["rating", "G"], ["release_date", "2022-07-17 00:00:00"], ["created_at", "2022-07-17 16:48:45.206663"], ["updated_at", "2022-07-17 16:48:45.206663"]]
  [1m[35m (96.5ms)[0m  [1m[36mcommit transaction[0m
Completed 500 Internal Server Error in 127ms (ActiveRecord: 98.1ms)


  
NoMethodError (undefined method `all' for #<Movie:0x000056285cd3f5d8>):
  
app/controllers/movies_controller.rb:20:in `create'
  Rendering /home/atila/.rvm/gems/ruby-2.5.1/gems/actionpack-5.0.7/lib/action_dispatch/middleware/templates/rescues/diagnostics.html.erb within rescues/layout
  Rendering /home/atila/.rvm/gems/ruby-2.5.1/gems/actionpack-5.0.7/lib/action_dispatch/middleware/templates/rescues/_source.html.erb
  Rendered /home/atila/.rvm/gems/ruby-2.5.1/gems/actionpack-5.0.7/lib/action_dispatch/middleware/templates/rescues/_source.html.erb (2.1ms)
  Rendering /home/atila/.rvm/gems/ruby-2.5.1/gems/actionpack-5.0.7/lib/action_dispatch/middleware/templates/rescues/_trace.html.erb
  Rendered /home/atila/.rvm/gems/ruby-2.5.1/gems/actionpack-5.0.7/lib/action_dispatch/middleware/templates/rescues/_trace.html.erb (1.3ms)
  Rendering /home/atila/.rvm/gems/ruby-2.5.1/gems/actionpack-5.0.7/lib/action_dispatch/middleware/templates/rescues/_request_and_response.html.erb
  Rendered /home/atila/.rvm/gems/ruby-2.5.1/gems/actionpack-5.0.7/lib/action_dispatch/middleware/templates/rescues/_request_and_response.html.erb (0.8ms)
  Rendered /home/atila/.rvm/gems/ruby-2.5.1/gems/actionpack-5.0.7/lib/action_dispatch/middleware/templates/rescues/diagnostics.html.erb within rescues/layout (19.6ms)
Started POST "/movies" for 127.0.0.1 at 2022-07-17 12:49:02 -0400
  [1m[36mActiveRecord::SchemaMigration Load (0.2ms)[0m  [1m[34mSELECT "schema_migrations".* FROM "schema_migrations"[0m
Processing by MoviesController#create as HTML
  Parameters: {"utf8"=>"✓", "authenticity_token"=>"MxzONMkywtwgTIz4gkblpUhhEnXlUqk9pOujiwAYz5ECjR6mPeN5Fv0gACS1rbFRYYlpgbxrKaUPFlJ5Yg//dA==", "movie"=>{"title"=>"fgfdgdggdfgf", "rating"=>"G", "release_date(1i)"=>"2022", "release_date(2i)"=>"7", "release_date(3i)"=>"17"}, "commit"=>"Save Changes"}
  [1m[35m (0.1ms)[0m  [1m[36mbegin transaction[0m
  [1m[35mSQL (0.9ms)[0m  [1m[32mINSERT INTO "movies" ("title", "rating", "release_date", "created_at", "updated_at") VALUES (?, ?, ?, ?, ?)[0m  [["title", "fgfdgdggdfgf"], ["rating", "G"], ["release_date", "2022-07-17 00:00:00"], ["created_at", "2022-07-17 16:49:02.507975"], ["updated_at", "2022-07-17 16:49:02.507975"]]
  [1m[35m (73.4ms)[0m  [1m[36mcommit transaction[0m
Completed 500 Internal Server Error in 96ms (ActiveRecord: 75.3ms)


  
ActiveModel::MissingAttributeError (can't write unknown attribute `ratings`):
  
app/controllers/movies_controller.rb:20:in `create'
  Rendering /home/atila/.rvm/gems/ruby-2.5.1/gems/actionpack-5.0.7/lib/action_dispatch/middleware/templates/rescues/diagnostics.html.erb within rescues/layout
  Rendering /home/atila/.rvm/gems/ruby-2.5.1/gems/actionpack-5.0.7/lib/action_dispatch/middleware/templates/rescues/_source.html.erb
  Rendered /home/atila/.rvm/gems/ruby-2.5.1/gems/actionpack-5.0.7/lib/action_dispatch/middleware/templates/rescues/_source.html.erb (3.1ms)
  Rendering /home/atila/.rvm/gems/ruby-2.5.1/gems/actionpack-5.0.7/lib/action_dispatch/middleware/templates/rescues/_trace.html.erb
  Rendered /home/atila/.rvm/gems/ruby-2.5.1/gems/actionpack-5.0.7/lib/action_dispatch/middleware/templates/rescues/_trace.html.erb (1.2ms)
  Rendering /home/atila/.rvm/gems/ruby-2.5.1/gems/actionpack-5.0.7/lib/action_dispatch/middleware/templates/rescues/_request_and_response.html.erb
  Rendered /home/atila/.rvm/gems/ruby-2.5.1/gems/actionpack-5.0.7/lib/action_dispatch/middleware/templates/rescues/_request_and_response.html.erb (0.7ms)
  Rendered /home/atila/.rvm/gems/ruby-2.5.1/gems/actionpack-5.0.7/lib/action_dispatch/middleware/templates/rescues/diagnostics.html.erb within rescues/layout (25.7ms)
Started POST "/movies" for 127.0.0.1 at 2022-07-17 12:51:14 -0400
  [1m[36mActiveRecord::SchemaMigration Load (0.1ms)[0m  [1m[34mSELECT "schema_migrations".* FROM "schema_migrations"[0m
Processing by MoviesController#create as HTML
  Parameters: {"utf8"=>"✓", "authenticity_token"=>"MxzONMkywtwgTIz4gkblpUhhEnXlUqk9pOujiwAYz5ECjR6mPeN5Fv0gACS1rbFRYYlpgbxrKaUPFlJ5Yg//dA==", "movie"=>{"title"=>"fgfdgdggdfgf", "rating"=>"G", "release_date(1i)"=>"2022", "release_date(2i)"=>"7", "release_date(3i)"=>"17"}, "commit"=>"Save Changes"}
  [1m[35m (0.2ms)[0m  [1m[36mbegin transaction[0m
  [1m[35mSQL (0.3ms)[0m  [1m[32mINSERT INTO "movies" ("title", "rating", "release_date", "created_at", "updated_at") VALUES (?, ?, ?, ?, ?)[0m  [["title", "fgfdgdggdfgf"], ["rating", "G"], ["release_date", "2022-07-17 00:00:00"], ["created_at", "2022-07-17 16:51:14.632633"], ["updated_at", "2022-07-17 16:51:14.632633"]]
  [1m[35m (294.6ms)[0m  [1m[36mcommit transaction[0m
Completed 500 Internal Server Error in 326ms (ActiveRecord: 296.4ms)


  
ActiveModel::UnknownAttributeError (unknown attribute 'rating' for AllRating.):
  
app/controllers/movies_controller.rb:19:in `create'
  Rendering /home/atila/.rvm/gems/ruby-2.5.1/gems/actionpack-5.0.7/lib/action_dispatch/middleware/templates/rescues/diagnostics.html.erb within rescues/layout
  Rendering /home/atila/.rvm/gems/ruby-2.5.1/gems/actionpack-5.0.7/lib/action_dispatch/middleware/templates/rescues/_source.html.erb
  Rendered /home/atila/.rvm/gems/ruby-2.5.1/gems/actionpack-5.0.7/lib/action_dispatch/middleware/templates/rescues/_source.html.erb (2.4ms)
  Rendering /home/atila/.rvm/gems/ruby-2.5.1/gems/actionpack-5.0.7/lib/action_dispatch/middleware/templates/rescues/_trace.html.erb
  Rendered /home/atila/.rvm/gems/ruby-2.5.1/gems/actionpack-5.0.7/lib/action_dispatch/middleware/templates/rescues/_trace.html.erb (1.1ms)
  Rendering /home/atila/.rvm/gems/ruby-2.5.1/gems/actionpack-5.0.7/lib/action_dispatch/middleware/templates/rescues/_request_and_response.html.erb
  Rendered /home/atila/.rvm/gems/ruby-2.5.1/gems/actionpack-5.0.7/lib/action_dispatch/middleware/templates/rescues/_request_and_response.html.erb (0.7ms)
  Rendered /home/atila/.rvm/gems/ruby-2.5.1/gems/actionpack-5.0.7/lib/action_dispatch/middleware/templates/rescues/diagnostics.html.erb within rescues/layout (18.9ms)
Started POST "/movies" for 127.0.0.1 at 2022-07-17 12:51:45 -0400
  [1m[36mActiveRecord::SchemaMigration Load (0.3ms)[0m  [1m[34mSELECT "schema_migrations".* FROM "schema_migrations"[0m
Processing by MoviesController#create as HTML
  Parameters: {"utf8"=>"✓", "authenticity_token"=>"MxzONMkywtwgTIz4gkblpUhhEnXlUqk9pOujiwAYz5ECjR6mPeN5Fv0gACS1rbFRYYlpgbxrKaUPFlJ5Yg//dA==", "movie"=>{"title"=>"fgfdgdggdfgf", "rating"=>"G", "release_date(1i)"=>"2022", "release_date(2i)"=>"7", "release_date(3i)"=>"17"}, "commit"=>"Save Changes"}
  [1m[35m (0.1ms)[0m  [1m[36mbegin transaction[0m
  [1m[35mSQL (1.0ms)[0m  [1m[32mINSERT INTO "movies" ("title", "rating", "release_date", "created_at", "updated_at") VALUES (?, ?, ?, ?, ?)[0m  [["title", "fgfdgdggdfgf"], ["rating", "G"], ["release_date", "2022-07-17 00:00:00"], ["created_at", "2022-07-17 16:51:46.060330"], ["updated_at", "2022-07-17 16:51:46.060330"]]
  [1m[35m (92.9ms)[0m  [1m[36mcommit transaction[0m
Completed 500 Internal Server Error in 117ms (ActiveRecord: 94.9ms)


  
ActiveModel::UnknownAttributeError (unknown attribute 'all_ratings' for AllRating.):
  
app/controllers/movies_controller.rb:19:in `create'
  Rendering /home/atila/.rvm/gems/ruby-2.5.1/gems/actionpack-5.0.7/lib/action_dispatch/middleware/templates/rescues/diagnostics.html.erb within rescues/layout
  Rendering /home/atila/.rvm/gems/ruby-2.5.1/gems/actionpack-5.0.7/lib/action_dispatch/middleware/templates/rescues/_source.html.erb
  Rendered /home/atila/.rvm/gems/ruby-2.5.1/gems/actionpack-5.0.7/lib/action_dispatch/middleware/templates/rescues/_source.html.erb (2.8ms)
  Rendering /home/atila/.rvm/gems/ruby-2.5.1/gems/actionpack-5.0.7/lib/action_dispatch/middleware/templates/rescues/_trace.html.erb
  Rendered /home/atila/.rvm/gems/ruby-2.5.1/gems/actionpack-5.0.7/lib/action_dispatch/middleware/templates/rescues/_trace.html.erb (1.3ms)
  Rendering /home/atila/.rvm/gems/ruby-2.5.1/gems/actionpack-5.0.7/lib/action_dispatch/middleware/templates/rescues/_request_and_response.html.erb
  Rendered /home/atila/.rvm/gems/ruby-2.5.1/gems/actionpack-5.0.7/lib/action_dispatch/middleware/templates/rescues/_request_and_response.html.erb (0.8ms)
  Rendered /home/atila/.rvm/gems/ruby-2.5.1/gems/actionpack-5.0.7/lib/action_dispatch/middleware/templates/rescues/diagnostics.html.erb within rescues/layout (20.2ms)
Started POST "/movies" for 127.0.0.1 at 2022-07-17 12:52:33 -0400
  [1m[36mActiveRecord::SchemaMigration Load (0.2ms)[0m  [1m[34mSELECT "schema_migrations".* FROM "schema_migrations"[0m
Processing by MoviesController#create as HTML
  Parameters: {"utf8"=>"✓", "authenticity_token"=>"MxzONMkywtwgTIz4gkblpUhhEnXlUqk9pOujiwAYz5ECjR6mPeN5Fv0gACS1rbFRYYlpgbxrKaUPFlJ5Yg//dA==", "movie"=>{"title"=>"fgfdgdggdfgf", "rating"=>"G", "release_date(1i)"=>"2022", "release_date(2i)"=>"7", "release_date(3i)"=>"17"}, "commit"=>"Save Changes"}
  [1m[35m (0.3ms)[0m  [1m[36mbegin transaction[0m
  [1m[35mSQL (0.9ms)[0m  [1m[32mINSERT INTO "movies" ("title", "rating", "release_date", "created_at", "updated_at") VALUES (?, ?, ?, ?, ?)[0m  [["title", "fgfdgdggdfgf"], ["rating", "G"], ["release_date", "2022-07-17 00:00:00"], ["created_at", "2022-07-17 16:52:34.019057"], ["updated_at", "2022-07-17 16:52:34.019057"]]
  [1m[35m (113.4ms)[0m  [1m[36mcommit transaction[0m
Completed 500 Internal Server Error in 136ms (ActiveRecord: 115.3ms)


  
ActiveModel::UnknownAttributeError (unknown attribute 'all_ratings' for AllRating.):
  
app/controllers/movies_controller.rb:19:in `create'
  Rendering /home/atila/.rvm/gems/ruby-2.5.1/gems/actionpack-5.0.7/lib/action_dispatch/middleware/templates/rescues/diagnostics.html.erb within rescues/layout
  Rendering /home/atila/.rvm/gems/ruby-2.5.1/gems/actionpack-5.0.7/lib/action_dispatch/middleware/templates/rescues/_source.html.erb
  Rendered /home/atila/.rvm/gems/ruby-2.5.1/gems/actionpack-5.0.7/lib/action_dispatch/middleware/templates/rescues/_source.html.erb (3.7ms)
  Rendering /home/atila/.rvm/gems/ruby-2.5.1/gems/actionpack-5.0.7/lib/action_dispatch/middleware/templates/rescues/_trace.html.erb
  Rendered /home/atila/.rvm/gems/ruby-2.5.1/gems/actionpack-5.0.7/lib/action_dispatch/middleware/templates/rescues/_trace.html.erb (1.5ms)
  Rendering /home/atila/.rvm/gems/ruby-2.5.1/gems/actionpack-5.0.7/lib/action_dispatch/middleware/templates/rescues/_request_and_response.html.erb
  Rendered /home/atila/.rvm/gems/ruby-2.5.1/gems/actionpack-5.0.7/lib/action_dispatch/middleware/templates/rescues/_request_and_response.html.erb (1.1ms)
  Rendered /home/atila/.rvm/gems/ruby-2.5.1/gems/actionpack-5.0.7/lib/action_dispatch/middleware/templates/rescues/diagnostics.html.erb within rescues/layout (26.8ms)
Started POST "/movies" for 127.0.0.1 at 2022-07-17 12:53:12 -0400
  [1m[36mActiveRecord::SchemaMigration Load (0.1ms)[0m  [1m[34mSELECT "schema_migrations".* FROM "schema_migrations"[0m
Processing by MoviesController#create as HTML
  Parameters: {"utf8"=>"✓", "authenticity_token"=>"MxzONMkywtwgTIz4gkblpUhhEnXlUqk9pOujiwAYz5ECjR6mPeN5Fv0gACS1rbFRYYlpgbxrKaUPFlJ5Yg//dA==", "movie"=>{"title"=>"fgfdgdggdfgf", "rating"=>"G", "release_date(1i)"=>"2022", "release_date(2i)"=>"7", "release_date(3i)"=>"17"}, "commit"=>"Save Changes"}
  [1m[35m (0.1ms)[0m  [1m[36mbegin transaction[0m
  [1m[35mSQL (0.3ms)[0m  [1m[32mINSERT INTO "movies" ("title", "rating", "release_date", "created_at", "updated_at") VALUES (?, ?, ?, ?, ?)[0m  [["title", "fgfdgdggdfgf"], ["rating", "G"], ["release_date", "2022-07-17 00:00:00"], ["created_at", "2022-07-17 16:53:12.317857"], ["updated_at", "2022-07-17 16:53:12.317857"]]
  [1m[35m (73.5ms)[0m  [1m[36mcommit transaction[0m
Completed 500 Internal Server Error in 96ms (ActiveRecord: 74.7ms)


  
ActiveModel::UnknownAttributeError (unknown attribute 'all_ratings' for AllRating.):
  
app/controllers/movies_controller.rb:19:in `create'
  Rendering /home/atila/.rvm/gems/ruby-2.5.1/gems/actionpack-5.0.7/lib/action_dispatch/middleware/templates/rescues/diagnostics.html.erb within rescues/layout
  Rendering /home/atila/.rvm/gems/ruby-2.5.1/gems/actionpack-5.0.7/lib/action_dispatch/middleware/templates/rescues/_source.html.erb
  Rendered /home/atila/.rvm/gems/ruby-2.5.1/gems/actionpack-5.0.7/lib/action_dispatch/middleware/templates/rescues/_source.html.erb (2.4ms)
  Rendering /home/atila/.rvm/gems/ruby-2.5.1/gems/actionpack-5.0.7/lib/action_dispatch/middleware/templates/rescues/_trace.html.erb
  Rendered /home/atila/.rvm/gems/ruby-2.5.1/gems/actionpack-5.0.7/lib/action_dispatch/middleware/templates/rescues/_trace.html.erb (1.0ms)
  Rendering /home/atila/.rvm/gems/ruby-2.5.1/gems/actionpack-5.0.7/lib/action_dispatch/middleware/templates/rescues/_request_and_response.html.erb
  Rendered /home/atila/.rvm/gems/ruby-2.5.1/gems/actionpack-5.0.7/lib/action_dispatch/middleware/templates/rescues/_request_and_response.html.erb (1.1ms)
  Rendered /home/atila/.rvm/gems/ruby-2.5.1/gems/actionpack-5.0.7/lib/action_dispatch/middleware/templates/rescues/diagnostics.html.erb within rescues/layout (21.0ms)
Started POST "/movies" for 127.0.0.1 at 2022-07-17 12:54:21 -0400
  [1m[36mActiveRecord::SchemaMigration Load (0.3ms)[0m  [1m[34mSELECT "schema_migrations".* FROM "schema_migrations"[0m
Processing by MoviesController#create as HTML
  Parameters: {"utf8"=>"✓", "authenticity_token"=>"MxzONMkywtwgTIz4gkblpUhhEnXlUqk9pOujiwAYz5ECjR6mPeN5Fv0gACS1rbFRYYlpgbxrKaUPFlJ5Yg//dA==", "movie"=>{"title"=>"fgfdgdggdfgf", "rating"=>"G", "release_date(1i)"=>"2022", "release_date(2i)"=>"7", "release_date(3i)"=>"17"}, "commit"=>"Save Changes"}
  [1m[35m (0.1ms)[0m  [1m[36mbegin transaction[0m
  [1m[35mSQL (0.4ms)[0m  [1m[32mINSERT INTO "movies" ("title", "rating", "release_date", "created_at", "updated_at") VALUES (?, ?, ?, ?, ?)[0m  [["title", "fgfdgdggdfgf"], ["rating", "G"], ["release_date", "2022-07-17 00:00:00"], ["created_at", "2022-07-17 16:54:22.193527"], ["updated_at", "2022-07-17 16:54:22.193527"]]
  [1m[35m (343.6ms)[0m  [1m[36mcommit transaction[0m
Completed 500 Internal Server Error in 377ms (ActiveRecord: 345.2ms)


  
ActiveModel::UnknownAttributeError (unknown attribute 'rating' for AllRating.):
  
app/controllers/movies_controller.rb:19:in `create'
  Rendering /home/atila/.rvm/gems/ruby-2.5.1/gems/actionpack-5.0.7/lib/action_dispatch/middleware/templates/rescues/diagnostics.html.erb within rescues/layout
  Rendering /home/atila/.rvm/gems/ruby-2.5.1/gems/actionpack-5.0.7/lib/action_dispatch/middleware/templates/rescues/_source.html.erb
  Rendered /home/atila/.rvm/gems/ruby-2.5.1/gems/actionpack-5.0.7/lib/action_dispatch/middleware/templates/rescues/_source.html.erb (2.7ms)
  Rendering /home/atila/.rvm/gems/ruby-2.5.1/gems/actionpack-5.0.7/lib/action_dispatch/middleware/templates/rescues/_trace.html.erb
  Rendered /home/atila/.rvm/gems/ruby-2.5.1/gems/actionpack-5.0.7/lib/action_dispatch/middleware/templates/rescues/_trace.html.erb (1.4ms)
  Rendering /home/atila/.rvm/gems/ruby-2.5.1/gems/actionpack-5.0.7/lib/action_dispatch/middleware/templates/rescues/_request_and_response.html.erb
  Rendered /home/atila/.rvm/gems/ruby-2.5.1/gems/actionpack-5.0.7/lib/action_dispatch/middleware/templates/rescues/_request_and_response.html.erb (1.0ms)
  Rendered /home/atila/.rvm/gems/ruby-2.5.1/gems/actionpack-5.0.7/lib/action_dispatch/middleware/templates/rescues/diagnostics.html.erb within rescues/layout (21.4ms)
Started POST "/movies" for 127.0.0.1 at 2022-07-17 12:56:00 -0400
  [1m[36mActiveRecord::SchemaMigration Load (0.3ms)[0m  [1m[34mSELECT "schema_migrations".* FROM "schema_migrations"[0m
Processing by MoviesController#create as HTML
  Parameters: {"utf8"=>"✓", "authenticity_token"=>"MxzONMkywtwgTIz4gkblpUhhEnXlUqk9pOujiwAYz5ECjR6mPeN5Fv0gACS1rbFRYYlpgbxrKaUPFlJ5Yg//dA==", "movie"=>{"title"=>"fgfdgdggdfgf", "rating"=>"G", "release_date(1i)"=>"2022", "release_date(2i)"=>"7", "release_date(3i)"=>"17"}, "commit"=>"Save Changes"}
  [1m[35m (0.1ms)[0m  [1m[36mbegin transaction[0m
  [1m[35mSQL (0.3ms)[0m  [1m[32mINSERT INTO "movies" ("title", "rating", "release_date", "created_at", "updated_at") VALUES (?, ?, ?, ?, ?)[0m  [["title", "fgfdgdggdfgf"], ["rating", "G"], ["release_date", "2022-07-17 00:00:00"], ["created_at", "2022-07-17 16:56:00.279021"], ["updated_at", "2022-07-17 16:56:00.279021"]]
  [1m[35m (74.0ms)[0m  [1m[36mcommit transaction[0m
Completed 500 Internal Server Error in 111ms (ActiveRecord: 75.5ms)


  
ActiveModel::UnknownAttributeError (unknown attribute 'rating' for AllRating.):
  
app/controllers/movies_controller.rb:19:in `create'
  Rendering /home/atila/.rvm/gems/ruby-2.5.1/gems/actionpack-5.0.7/lib/action_dispatch/middleware/templates/rescues/diagnostics.html.erb within rescues/layout
  Rendering /home/atila/.rvm/gems/ruby-2.5.1/gems/actionpack-5.0.7/lib/action_dispatch/middleware/templates/rescues/_source.html.erb
  Rendered /home/atila/.rvm/gems/ruby-2.5.1/gems/actionpack-5.0.7/lib/action_dispatch/middleware/templates/rescues/_source.html.erb (2.3ms)
  Rendering /home/atila/.rvm/gems/ruby-2.5.1/gems/actionpack-5.0.7/lib/action_dispatch/middleware/templates/rescues/_trace.html.erb
  Rendered /home/atila/.rvm/gems/ruby-2.5.1/gems/actionpack-5.0.7/lib/action_dispatch/middleware/templates/rescues/_trace.html.erb (1.1ms)
  Rendering /home/atila/.rvm/gems/ruby-2.5.1/gems/actionpack-5.0.7/lib/action_dispatch/middleware/templates/rescues/_request_and_response.html.erb
  Rendered /home/atila/.rvm/gems/ruby-2.5.1/gems/actionpack-5.0.7/lib/action_dispatch/middleware/templates/rescues/_request_and_response.html.erb (0.8ms)
  Rendered /home/atila/.rvm/gems/ruby-2.5.1/gems/actionpack-5.0.7/lib/action_dispatch/middleware/templates/rescues/diagnostics.html.erb within rescues/layout (20.6ms)
Started POST "/movies" for 127.0.0.1 at 2022-07-17 12:57:21 -0400
  [1m[36mActiveRecord::SchemaMigration Load (0.2ms)[0m  [1m[34mSELECT "schema_migrations".* FROM "schema_migrations"[0m
  
SyntaxError (/home/atila/Desktop/Es/HW2/app/controllers/movies_controller.rb:19: syntax error, unexpected ':', expecting =>
... @r = AllRating.create({:title:"rerewrwe"})
...                              ^
/home/atila/Desktop/Es/HW2/app/controllers/movies_controller.rb:19: syntax error, unexpected '}', expecting keyword_end
...ting.create({:title:"rerewrwe"})
...                              ^):
  
app/controllers/movies_controller.rb:19: syntax error, unexpected ':', expecting =>
app/controllers/movies_controller.rb:19: syntax error, unexpected '}', expecting keyword_end
  Rendering /home/atila/.rvm/gems/ruby-2.5.1/gems/actionpack-5.0.7/lib/action_dispatch/middleware/templates/rescues/diagnostics.html.erb within rescues/layout
  Rendering /home/atila/.rvm/gems/ruby-2.5.1/gems/actionpack-5.0.7/lib/action_dispatch/middleware/templates/rescues/_source.html.erb
  Rendered /home/atila/.rvm/gems/ruby-2.5.1/gems/actionpack-5.0.7/lib/action_dispatch/middleware/templates/rescues/_source.html.erb (2.2ms)
  Rendering /home/atila/.rvm/gems/ruby-2.5.1/gems/actionpack-5.0.7/lib/action_dispatch/middleware/templates/rescues/_trace.html.erb
  Rendered /home/atila/.rvm/gems/ruby-2.5.1/gems/actionpack-5.0.7/lib/action_dispatch/middleware/templates/rescues/_trace.html.erb (1.9ms)
  Rendering /home/atila/.rvm/gems/ruby-2.5.1/gems/actionpack-5.0.7/lib/action_dispatch/middleware/templates/rescues/_request_and_response.html.erb
  Rendered /home/atila/.rvm/gems/ruby-2.5.1/gems/actionpack-5.0.7/lib/action_dispatch/middleware/templates/rescues/_request_and_response.html.erb (5.7ms)
  Rendered /home/atila/.rvm/gems/ruby-2.5.1/gems/actionpack-5.0.7/lib/action_dispatch/middleware/templates/rescues/diagnostics.html.erb within rescues/layout (26.4ms)
Started POST "/movies" for 127.0.0.1 at 2022-07-17 12:57:47 -0400
  [1m[36mActiveRecord::SchemaMigration Load (0.1ms)[0m  [1m[34mSELECT "schema_migrations".* FROM "schema_migrations"[0m
Processing by MoviesController#create as HTML
  Parameters: {"utf8"=>"✓", "authenticity_token"=>"MxzONMkywtwgTIz4gkblpUhhEnXlUqk9pOujiwAYz5ECjR6mPeN5Fv0gACS1rbFRYYlpgbxrKaUPFlJ5Yg//dA==", "movie"=>{"title"=>"fgfdgdggdfgf", "rating"=>"G", "release_date(1i)"=>"2022", "release_date(2i)"=>"7", "release_date(3i)"=>"17"}, "commit"=>"Save Changes"}
  [1m[35m (0.1ms)[0m  [1m[36mbegin transaction[0m
  [1m[35mSQL (0.8ms)[0m  [1m[32mINSERT INTO "movies" ("title", "rating", "release_date", "created_at", "updated_at") VALUES (?, ?, ?, ?, ?)[0m  [["title", "fgfdgdggdfgf"], ["rating", "G"], ["release_date", "2022-07-17 00:00:00"], ["created_at", "2022-07-17 16:57:47.291976"], ["updated_at", "2022-07-17 16:57:47.291976"]]
  [1m[35m (359.0ms)[0m  [1m[36mcommit transaction[0m
Completed 500 Internal Server Error in 384ms (ActiveRecord: 361.1ms)


  
ActiveModel::UnknownAttributeError (unknown attribute 'title' for AllRating.):
  
app/controllers/movies_controller.rb:19:in `create'
  Rendering /home/atila/.rvm/gems/ruby-2.5.1/gems/actionpack-5.0.7/lib/action_dispatch/middleware/templates/rescues/diagnostics.html.erb within rescues/layout
  Rendering /home/atila/.rvm/gems/ruby-2.5.1/gems/actionpack-5.0.7/lib/action_dispatch/middleware/templates/rescues/_source.html.erb
  Rendered /home/atila/.rvm/gems/ruby-2.5.1/gems/actionpack-5.0.7/lib/action_dispatch/middleware/templates/rescues/_source.html.erb (2.5ms)
  Rendering /home/atila/.rvm/gems/ruby-2.5.1/gems/actionpack-5.0.7/lib/action_dispatch/middleware/templates/rescues/_trace.html.erb
  Rendered /home/atila/.rvm/gems/ruby-2.5.1/gems/actionpack-5.0.7/lib/action_dispatch/middleware/templates/rescues/_trace.html.erb (4.1ms)
  Rendering /home/atila/.rvm/gems/ruby-2.5.1/gems/actionpack-5.0.7/lib/action_dispatch/middleware/templates/rescues/_request_and_response.html.erb
  Rendered /home/atila/.rvm/gems/ruby-2.5.1/gems/actionpack-5.0.7/lib/action_dispatch/middleware/templates/rescues/_request_and_response.html.erb (0.9ms)
  Rendered /home/atila/.rvm/gems/ruby-2.5.1/gems/actionpack-5.0.7/lib/action_dispatch/middleware/templates/rescues/diagnostics.html.erb within rescues/layout (23.8ms)
Started POST "/movies" for 127.0.0.1 at 2022-07-17 12:58:34 -0400
  [1m[36mActiveRecord::SchemaMigration Load (0.1ms)[0m  [1m[34mSELECT "schema_migrations".* FROM "schema_migrations"[0m
Processing by MoviesController#create as HTML
  Parameters: {"utf8"=>"✓", "authenticity_token"=>"MxzONMkywtwgTIz4gkblpUhhEnXlUqk9pOujiwAYz5ECjR6mPeN5Fv0gACS1rbFRYYlpgbxrKaUPFlJ5Yg//dA==", "movie"=>{"title"=>"fgfdgdggdfgf", "rating"=>"G", "release_date(1i)"=>"2022", "release_date(2i)"=>"7", "release_date(3i)"=>"17"}, "commit"=>"Save Changes"}
  [1m[35m (0.1ms)[0m  [1m[36mbegin transaction[0m
  [1m[35mSQL (0.9ms)[0m  [1m[32mINSERT INTO "movies" ("title", "rating", "release_date", "created_at", "updated_at") VALUES (?, ?, ?, ?, ?)[0m  [["title", "fgfdgdggdfgf"], ["rating", "G"], ["release_date", "2022-07-17 00:00:00"], ["created_at", "2022-07-17 16:58:34.306738"], ["updated_at", "2022-07-17 16:58:34.306738"]]
  [1m[35m (104.5ms)[0m  [1m[36mcommit transaction[0m
Completed 500 Internal Server Error in 132ms (ActiveRecord: 106.4ms)


  
ActiveModel::UnknownAttributeError (unknown attribute 'title' for AllRating.):
  
app/controllers/movies_controller.rb:20:in `create'
  Rendering /home/atila/.rvm/gems/ruby-2.5.1/gems/actionpack-5.0.7/lib/action_dispatch/middleware/templates/rescues/diagnostics.html.erb within rescues/layout
  Rendering /home/atila/.rvm/gems/ruby-2.5.1/gems/actionpack-5.0.7/lib/action_dispatch/middleware/templates/rescues/_source.html.erb
  Rendered /home/atila/.rvm/gems/ruby-2.5.1/gems/actionpack-5.0.7/lib/action_dispatch/middleware/templates/rescues/_source.html.erb (2.7ms)
  Rendering /home/atila/.rvm/gems/ruby-2.5.1/gems/actionpack-5.0.7/lib/action_dispatch/middleware/templates/rescues/_trace.html.erb
  Rendered /home/atila/.rvm/gems/ruby-2.5.1/gems/actionpack-5.0.7/lib/action_dispatch/middleware/templates/rescues/_trace.html.erb (1.5ms)
  Rendering /home/atila/.rvm/gems/ruby-2.5.1/gems/actionpack-5.0.7/lib/action_dispatch/middleware/templates/rescues/_request_and_response.html.erb
  Rendered /home/atila/.rvm/gems/ruby-2.5.1/gems/actionpack-5.0.7/lib/action_dispatch/middleware/templates/rescues/_request_and_response.html.erb (1.0ms)
  Rendered /home/atila/.rvm/gems/ruby-2.5.1/gems/actionpack-5.0.7/lib/action_dispatch/middleware/templates/rescues/diagnostics.html.erb within rescues/layout (21.1ms)
Started POST "/movies" for 127.0.0.1 at 2022-07-17 12:59:04 -0400
  [1m[36mActiveRecord::SchemaMigration Load (0.2ms)[0m  [1m[34mSELECT "schema_migrations".* FROM "schema_migrations"[0m
Processing by MoviesController#create as HTML
  Parameters: {"utf8"=>"✓", "authenticity_token"=>"MxzONMkywtwgTIz4gkblpUhhEnXlUqk9pOujiwAYz5ECjR6mPeN5Fv0gACS1rbFRYYlpgbxrKaUPFlJ5Yg//dA==", "movie"=>{"title"=>"fgfdgdggdfgf", "rating"=>"G", "release_date(1i)"=>"2022", "release_date(2i)"=>"7", "release_date(3i)"=>"17"}, "commit"=>"Save Changes"}
  [1m[35m (0.1ms)[0m  [1m[36mbegin transaction[0m
  [1m[35mSQL (0.5ms)[0m  [1m[32mINSERT INTO "movies" ("title", "rating", "release_date", "created_at", "updated_at") VALUES (?, ?, ?, ?, ?)[0m  [["title", "fgfdgdggdfgf"], ["rating", "G"], ["release_date", "2022-07-17 00:00:00"], ["created_at", "2022-07-17 16:59:04.771316"], ["updated_at", "2022-07-17 16:59:04.771316"]]
  [1m[35m (115.2ms)[0m  [1m[36mcommit transaction[0m
Completed 500 Internal Server Error in 143ms (ActiveRecord: 116.7ms)


  
ActiveModel::UnknownAttributeError (unknown attribute 'title' for AllRating.):
  
app/controllers/movies_controller.rb:20:in `create'
  Rendering /home/atila/.rvm/gems/ruby-2.5.1/gems/actionpack-5.0.7/lib/action_dispatch/middleware/templates/rescues/diagnostics.html.erb within rescues/layout
  Rendering /home/atila/.rvm/gems/ruby-2.5.1/gems/actionpack-5.0.7/lib/action_dispatch/middleware/templates/rescues/_source.html.erb
  Rendered /home/atila/.rvm/gems/ruby-2.5.1/gems/actionpack-5.0.7/lib/action_dispatch/middleware/templates/rescues/_source.html.erb (2.5ms)
  Rendering /home/atila/.rvm/gems/ruby-2.5.1/gems/actionpack-5.0.7/lib/action_dispatch/middleware/templates/rescues/_trace.html.erb
  Rendered /home/atila/.rvm/gems/ruby-2.5.1/gems/actionpack-5.0.7/lib/action_dispatch/middleware/templates/rescues/_trace.html.erb (1.2ms)
  Rendering /home/atila/.rvm/gems/ruby-2.5.1/gems/actionpack-5.0.7/lib/action_dispatch/middleware/templates/rescues/_request_and_response.html.erb
  Rendered /home/atila/.rvm/gems/ruby-2.5.1/gems/actionpack-5.0.7/lib/action_dispatch/middleware/templates/rescues/_request_and_response.html.erb (1.0ms)
  Rendered /home/atila/.rvm/gems/ruby-2.5.1/gems/actionpack-5.0.7/lib/action_dispatch/middleware/templates/rescues/diagnostics.html.erb within rescues/layout (21.0ms)
Started POST "/movies" for 127.0.0.1 at 2022-07-17 13:00:53 -0400
  [1m[36mActiveRecord::SchemaMigration Load (0.2ms)[0m  [1m[34mSELECT "schema_migrations".* FROM "schema_migrations"[0m
Processing by MoviesController#create as HTML
  Parameters: {"utf8"=>"✓", "authenticity_token"=>"MxzONMkywtwgTIz4gkblpUhhEnXlUqk9pOujiwAYz5ECjR6mPeN5Fv0gACS1rbFRYYlpgbxrKaUPFlJ5Yg//dA==", "movie"=>{"title"=>"fgfdgdggdfgf", "rating"=>"G", "release_date(1i)"=>"2022", "release_date(2i)"=>"7", "release_date(3i)"=>"17"}, "commit"=>"Save Changes"}
  [1m[35m (0.0ms)[0m  [1m[36mbegin transaction[0m
  [1m[35mSQL (0.9ms)[0m  [1m[32mINSERT INTO "movies" ("title", "rating", "release_date", "created_at", "updated_at") VALUES (?, ?, ?, ?, ?)[0m  [["title", "fgfdgdggdfgf"], ["rating", "G"], ["release_date", "2022-07-17 00:00:00"], ["created_at", "2022-07-17 17:00:54.245706"], ["updated_at", "2022-07-17 17:00:54.245706"]]
  [1m[35m (86.4ms)[0m  [1m[36mcommit transaction[0m
Completed 500 Internal Server Error in 109ms (ActiveRecord: 88.2ms)


  
ActiveModel::UnknownAttributeError (unknown attribute 'rating' for AllRating.):
  
app/controllers/movies_controller.rb:20:in `create'
  Rendering /home/atila/.rvm/gems/ruby-2.5.1/gems/actionpack-5.0.7/lib/action_dispatch/middleware/templates/rescues/diagnostics.html.erb within rescues/layout
  Rendering /home/atila/.rvm/gems/ruby-2.5.1/gems/actionpack-5.0.7/lib/action_dispatch/middleware/templates/rescues/_source.html.erb
  Rendered /home/atila/.rvm/gems/ruby-2.5.1/gems/actionpack-5.0.7/lib/action_dispatch/middleware/templates/rescues/_source.html.erb (2.6ms)
  Rendering /home/atila/.rvm/gems/ruby-2.5.1/gems/actionpack-5.0.7/lib/action_dispatch/middleware/templates/rescues/_trace.html.erb
  Rendered /home/atila/.rvm/gems/ruby-2.5.1/gems/actionpack-5.0.7/lib/action_dispatch/middleware/templates/rescues/_trace.html.erb (1.7ms)
  Rendering /home/atila/.rvm/gems/ruby-2.5.1/gems/actionpack-5.0.7/lib/action_dispatch/middleware/templates/rescues/_request_and_response.html.erb
  Rendered /home/atila/.rvm/gems/ruby-2.5.1/gems/actionpack-5.0.7/lib/action_dispatch/middleware/templates/rescues/_request_and_response.html.erb (0.9ms)
  Rendered /home/atila/.rvm/gems/ruby-2.5.1/gems/actionpack-5.0.7/lib/action_dispatch/middleware/templates/rescues/diagnostics.html.erb within rescues/layout (21.4ms)
Started POST "/movies" for 127.0.0.1 at 2022-07-17 13:03:29 -0400
  [1m[36mActiveRecord::SchemaMigration Load (0.2ms)[0m  [1m[34mSELECT "schema_migrations".* FROM "schema_migrations"[0m
Processing by MoviesController#create as HTML
  Parameters: {"utf8"=>"✓", "authenticity_token"=>"MxzONMkywtwgTIz4gkblpUhhEnXlUqk9pOujiwAYz5ECjR6mPeN5Fv0gACS1rbFRYYlpgbxrKaUPFlJ5Yg//dA==", "movie"=>{"title"=>"fgfdgdggdfgf", "rating"=>"G", "release_date(1i)"=>"2022", "release_date(2i)"=>"7", "release_date(3i)"=>"17"}, "commit"=>"Save Changes"}
  [1m[35m (0.1ms)[0m  [1m[36mbegin transaction[0m
  [1m[35mSQL (0.4ms)[0m  [1m[32mINSERT INTO "movies" ("title", "rating", "release_date", "created_at", "updated_at") VALUES (?, ?, ?, ?, ?)[0m  [["title", "fgfdgdggdfgf"], ["rating", "G"], ["release_date", "2022-07-17 00:00:00"], ["created_at", "2022-07-17 17:03:29.943101"], ["updated_at", "2022-07-17 17:03:29.943101"]]
  [1m[35m (331.1ms)[0m  [1m[36mcommit transaction[0m
Completed 500 Internal Server Error in 369ms (ActiveRecord: 333.1ms)


  
ActiveModel::UnknownAttributeError (unknown attribute 'rating' for AllRating.):
  
app/controllers/movies_controller.rb:20:in `create'
  Rendering /home/atila/.rvm/gems/ruby-2.5.1/gems/actionpack-5.0.7/lib/action_dispatch/middleware/templates/rescues/diagnostics.html.erb within rescues/layout
  Rendering /home/atila/.rvm/gems/ruby-2.5.1/gems/actionpack-5.0.7/lib/action_dispatch/middleware/templates/rescues/_source.html.erb
  Rendered /home/atila/.rvm/gems/ruby-2.5.1/gems/actionpack-5.0.7/lib/action_dispatch/middleware/templates/rescues/_source.html.erb (3.0ms)
  Rendering /home/atila/.rvm/gems/ruby-2.5.1/gems/actionpack-5.0.7/lib/action_dispatch/middleware/templates/rescues/_trace.html.erb
  Rendered /home/atila/.rvm/gems/ruby-2.5.1/gems/actionpack-5.0.7/lib/action_dispatch/middleware/templates/rescues/_trace.html.erb (1.1ms)
  Rendering /home/atila/.rvm/gems/ruby-2.5.1/gems/actionpack-5.0.7/lib/action_dispatch/middleware/templates/rescues/_request_and_response.html.erb
  Rendered /home/atila/.rvm/gems/ruby-2.5.1/gems/actionpack-5.0.7/lib/action_dispatch/middleware/templates/rescues/_request_and_response.html.erb (0.8ms)
  Rendered /home/atila/.rvm/gems/ruby-2.5.1/gems/actionpack-5.0.7/lib/action_dispatch/middleware/templates/rescues/diagnostics.html.erb within rescues/layout (20.3ms)
Started POST "/movies" for 127.0.0.1 at 2022-07-17 13:04:17 -0400
  [1m[36mActiveRecord::SchemaMigration Load (0.2ms)[0m  [1m[34mSELECT "schema_migrations".* FROM "schema_migrations"[0m
Processing by MoviesController#create as HTML
  Parameters: {"utf8"=>"✓", "authenticity_token"=>"MxzONMkywtwgTIz4gkblpUhhEnXlUqk9pOujiwAYz5ECjR6mPeN5Fv0gACS1rbFRYYlpgbxrKaUPFlJ5Yg//dA==", "movie"=>{"title"=>"fgfdgdggdfgf", "rating"=>"G", "release_date(1i)"=>"2022", "release_date(2i)"=>"7", "release_date(3i)"=>"17"}, "commit"=>"Save Changes"}
  [1m[35m (0.1ms)[0m  [1m[36mbegin transaction[0m
  [1m[35mSQL (0.3ms)[0m  [1m[32mINSERT INTO "movies" ("title", "rating", "release_date", "created_at", "updated_at") VALUES (?, ?, ?, ?, ?)[0m  [["title", "fgfdgdggdfgf"], ["rating", "G"], ["release_date", "2022-07-17 00:00:00"], ["created_at", "2022-07-17 17:04:17.566623"], ["updated_at", "2022-07-17 17:04:17.566623"]]
  [1m[35m (119.1ms)[0m  [1m[36mcommit transaction[0m
Completed 500 Internal Server Error in 155ms (ActiveRecord: 121.0ms)


  
ActiveModel::UnknownAttributeError (unknown attribute 'rating' for AllRating.):
  
app/controllers/movies_controller.rb:20:in `create'
  Rendering /home/atila/.rvm/gems/ruby-2.5.1/gems/actionpack-5.0.7/lib/action_dispatch/middleware/templates/rescues/diagnostics.html.erb within rescues/layout
  Rendering /home/atila/.rvm/gems/ruby-2.5.1/gems/actionpack-5.0.7/lib/action_dispatch/middleware/templates/rescues/_source.html.erb
  Rendered /home/atila/.rvm/gems/ruby-2.5.1/gems/actionpack-5.0.7/lib/action_dispatch/middleware/templates/rescues/_source.html.erb (2.8ms)
  Rendering /home/atila/.rvm/gems/ruby-2.5.1/gems/actionpack-5.0.7/lib/action_dispatch/middleware/templates/rescues/_trace.html.erb
  Rendered /home/atila/.rvm/gems/ruby-2.5.1/gems/actionpack-5.0.7/lib/action_dispatch/middleware/templates/rescues/_trace.html.erb (1.0ms)
  Rendering /home/atila/.rvm/gems/ruby-2.5.1/gems/actionpack-5.0.7/lib/action_dispatch/middleware/templates/rescues/_request_and_response.html.erb
  Rendered /home/atila/.rvm/gems/ruby-2.5.1/gems/actionpack-5.0.7/lib/action_dispatch/middleware/templates/rescues/_request_and_response.html.erb (0.8ms)
  Rendered /home/atila/.rvm/gems/ruby-2.5.1/gems/actionpack-5.0.7/lib/action_dispatch/middleware/templates/rescues/diagnostics.html.erb within rescues/layout (21.5ms)
Started POST "/movies" for 127.0.0.1 at 2022-07-17 13:04:37 -0400
  [1m[36mActiveRecord::SchemaMigration Load (0.1ms)[0m  [1m[34mSELECT "schema_migrations".* FROM "schema_migrations"[0m
Processing by MoviesController#create as HTML
  Parameters: {"utf8"=>"✓", "authenticity_token"=>"MxzONMkywtwgTIz4gkblpUhhEnXlUqk9pOujiwAYz5ECjR6mPeN5Fv0gACS1rbFRYYlpgbxrKaUPFlJ5Yg//dA==", "movie"=>{"title"=>"fgfdgdggdfgf", "rating"=>"G", "release_date(1i)"=>"2022", "release_date(2i)"=>"7", "release_date(3i)"=>"17"}, "commit"=>"Save Changes"}
  [1m[35m (0.1ms)[0m  [1m[36mbegin transaction[0m
  [1m[35mSQL (0.6ms)[0m  [1m[32mINSERT INTO "movies" ("title", "rating", "release_date", "created_at", "updated_at") VALUES (?, ?, ?, ?, ?)[0m  [["title", "fgfdgdggdfgf"], ["rating", "G"], ["release_date", "2022-07-17 00:00:00"], ["created_at", "2022-07-17 17:04:38.104558"], ["updated_at", "2022-07-17 17:04:38.104558"]]
  [1m[35m (88.1ms)[0m  [1m[36mcommit transaction[0m
Completed 500 Internal Server Error in 118ms (ActiveRecord: 89.7ms)


  
ArgumentError (When assigning attributes, you must pass a hash as an argument.):
  
app/controllers/movies_controller.rb:20:in `create'
  Rendering /home/atila/.rvm/gems/ruby-2.5.1/gems/actionpack-5.0.7/lib/action_dispatch/middleware/templates/rescues/diagnostics.html.erb within rescues/layout
  Rendering /home/atila/.rvm/gems/ruby-2.5.1/gems/actionpack-5.0.7/lib/action_dispatch/middleware/templates/rescues/_source.html.erb
  Rendered /home/atila/.rvm/gems/ruby-2.5.1/gems/actionpack-5.0.7/lib/action_dispatch/middleware/templates/rescues/_source.html.erb (2.3ms)
  Rendering /home/atila/.rvm/gems/ruby-2.5.1/gems/actionpack-5.0.7/lib/action_dispatch/middleware/templates/rescues/_trace.html.erb
  Rendered /home/atila/.rvm/gems/ruby-2.5.1/gems/actionpack-5.0.7/lib/action_dispatch/middleware/templates/rescues/_trace.html.erb (1.0ms)
  Rendering /home/atila/.rvm/gems/ruby-2.5.1/gems/actionpack-5.0.7/lib/action_dispatch/middleware/templates/rescues/_request_and_response.html.erb
  Rendered /home/atila/.rvm/gems/ruby-2.5.1/gems/actionpack-5.0.7/lib/action_dispatch/middleware/templates/rescues/_request_and_response.html.erb (1.2ms)
  Rendered /home/atila/.rvm/gems/ruby-2.5.1/gems/actionpack-5.0.7/lib/action_dispatch/middleware/templates/rescues/diagnostics.html.erb within rescues/layout (22.3ms)
Started POST "/movies" for 127.0.0.1 at 2022-07-17 13:04:58 -0400
  [1m[36mActiveRecord::SchemaMigration Load (0.1ms)[0m  [1m[34mSELECT "schema_migrations".* FROM "schema_migrations"[0m
Processing by MoviesController#create as HTML
  Parameters: {"utf8"=>"✓", "authenticity_token"=>"MxzONMkywtwgTIz4gkblpUhhEnXlUqk9pOujiwAYz5ECjR6mPeN5Fv0gACS1rbFRYYlpgbxrKaUPFlJ5Yg//dA==", "movie"=>{"title"=>"fgfdgdggdfgf", "rating"=>"G", "release_date(1i)"=>"2022", "release_date(2i)"=>"7", "release_date(3i)"=>"17"}, "commit"=>"Save Changes"}
  [1m[35m (0.1ms)[0m  [1m[36mbegin transaction[0m
  [1m[35mSQL (0.8ms)[0m  [1m[32mINSERT INTO "movies" ("title", "rating", "release_date", "created_at", "updated_at") VALUES (?, ?, ?, ?, ?)[0m  [["title", "fgfdgdggdfgf"], ["rating", "G"], ["release_date", "2022-07-17 00:00:00"], ["created_at", "2022-07-17 17:04:58.401825"], ["updated_at", "2022-07-17 17:04:58.401825"]]
  [1m[35m (108.4ms)[0m  [1m[36mcommit transaction[0m
Completed 500 Internal Server Error in 144ms (ActiveRecord: 110.6ms)


  
ActiveModel::UnknownAttributeError (unknown attribute 'rating' for AllRating.):
  
app/controllers/movies_controller.rb:20:in `create'
  Rendering /home/atila/.rvm/gems/ruby-2.5.1/gems/actionpack-5.0.7/lib/action_dispatch/middleware/templates/rescues/diagnostics.html.erb within rescues/layout
  Rendering /home/atila/.rvm/gems/ruby-2.5.1/gems/actionpack-5.0.7/lib/action_dispatch/middleware/templates/rescues/_source.html.erb
  Rendered /home/atila/.rvm/gems/ruby-2.5.1/gems/actionpack-5.0.7/lib/action_dispatch/middleware/templates/rescues/_source.html.erb (2.4ms)
  Rendering /home/atila/.rvm/gems/ruby-2.5.1/gems/actionpack-5.0.7/lib/action_dispatch/middleware/templates/rescues/_trace.html.erb
  Rendered /home/atila/.rvm/gems/ruby-2.5.1/gems/actionpack-5.0.7/lib/action_dispatch/middleware/templates/rescues/_trace.html.erb (1.0ms)
  Rendering /home/atila/.rvm/gems/ruby-2.5.1/gems/actionpack-5.0.7/lib/action_dispatch/middleware/templates/rescues/_request_and_response.html.erb
  Rendered /home/atila/.rvm/gems/ruby-2.5.1/gems/actionpack-5.0.7/lib/action_dispatch/middleware/templates/rescues/_request_and_response.html.erb (0.8ms)
  Rendered /home/atila/.rvm/gems/ruby-2.5.1/gems/actionpack-5.0.7/lib/action_dispatch/middleware/templates/rescues/diagnostics.html.erb within rescues/layout (19.0ms)
Started POST "/movies" for 127.0.0.1 at 2022-07-17 13:08:00 -0400
  [1m[36mActiveRecord::SchemaMigration Load (0.2ms)[0m  [1m[34mSELECT "schema_migrations".* FROM "schema_migrations"[0m
Processing by MoviesController#create as HTML
  Parameters: {"utf8"=>"✓", "authenticity_token"=>"MxzONMkywtwgTIz4gkblpUhhEnXlUqk9pOujiwAYz5ECjR6mPeN5Fv0gACS1rbFRYYlpgbxrKaUPFlJ5Yg//dA==", "movie"=>{"title"=>"fgfdgdggdfgf", "rating"=>"G", "release_date(1i)"=>"2022", "release_date(2i)"=>"7", "release_date(3i)"=>"17"}, "commit"=>"Save Changes"}
  [1m[35m (0.1ms)[0m  [1m[36mbegin transaction[0m
  [1m[35mSQL (0.4ms)[0m  [1m[32mINSERT INTO "movies" ("title", "rating", "release_date", "created_at", "updated_at") VALUES (?, ?, ?, ?, ?)[0m  [["title", "fgfdgdggdfgf"], ["rating", "G"], ["release_date", "2022-07-17 00:00:00"], ["created_at", "2022-07-17 17:08:00.445340"], ["updated_at", "2022-07-17 17:08:00.445340"]]
  [1m[35m (382.0ms)[0m  [1m[36mcommit transaction[0m
Completed 500 Internal Server Error in 474ms (ActiveRecord: 383.1ms)


  
NoMethodError (undefined method `create_table' for #<MoviesController:0x0000564331752838>):
  
app/controllers/movies_controller.rb:20:in `create'
  Rendering /home/atila/.rvm/gems/ruby-2.5.1/gems/actionpack-5.0.7/lib/action_dispatch/middleware/templates/rescues/diagnostics.html.erb within rescues/layout
  Rendering /home/atila/.rvm/gems/ruby-2.5.1/gems/actionpack-5.0.7/lib/action_dispatch/middleware/templates/rescues/_source.html.erb
  Rendered /home/atila/.rvm/gems/ruby-2.5.1/gems/actionpack-5.0.7/lib/action_dispatch/middleware/templates/rescues/_source.html.erb (2.3ms)
  Rendering /home/atila/.rvm/gems/ruby-2.5.1/gems/actionpack-5.0.7/lib/action_dispatch/middleware/templates/rescues/_trace.html.erb
  Rendered /home/atila/.rvm/gems/ruby-2.5.1/gems/actionpack-5.0.7/lib/action_dispatch/middleware/templates/rescues/_trace.html.erb (1.3ms)
  Rendering /home/atila/.rvm/gems/ruby-2.5.1/gems/actionpack-5.0.7/lib/action_dispatch/middleware/templates/rescues/_request_and_response.html.erb
  Rendered /home/atila/.rvm/gems/ruby-2.5.1/gems/actionpack-5.0.7/lib/action_dispatch/middleware/templates/rescues/_request_and_response.html.erb (1.1ms)
  Rendered /home/atila/.rvm/gems/ruby-2.5.1/gems/actionpack-5.0.7/lib/action_dispatch/middleware/templates/rescues/diagnostics.html.erb within rescues/layout (74.1ms)
Started GET "/" for 127.0.0.1 at 2022-07-17 13:20:25 -0400
  [1m[36mActiveRecord::SchemaMigration Load (0.1ms)[0m  [1m[34mSELECT "schema_migrations".* FROM "schema_migrations"[0m
Started GET "/movies" for 127.0.0.1 at 2022-07-17 13:20:25 -0400
Processing by MoviesController#index as HTML
Completed 500 Internal Server Error in 6ms (ActiveRecord: 0.0ms)


  
ArgumentError (wrong number of arguments (given 1, expected 0)):
  
app/controllers/movies_controller.rb:4:in `sort_by'
app/controllers/movies_controller.rb:4:in `index'
  Rendering /home/atila/.rvm/gems/ruby-2.5.1/gems/actionpack-5.0.7/lib/action_dispatch/middleware/templates/rescues/diagnostics.html.erb within rescues/layout
  Rendering /home/atila/.rvm/gems/ruby-2.5.1/gems/actionpack-5.0.7/lib/action_dispatch/middleware/templates/rescues/_source.html.erb
  Rendered /home/atila/.rvm/gems/ruby-2.5.1/gems/actionpack-5.0.7/lib/action_dispatch/middleware/templates/rescues/_source.html.erb (2.2ms)
  Rendering /home/atila/.rvm/gems/ruby-2.5.1/gems/actionpack-5.0.7/lib/action_dispatch/middleware/templates/rescues/_trace.html.erb
  Rendered /home/atila/.rvm/gems/ruby-2.5.1/gems/actionpack-5.0.7/lib/action_dispatch/middleware/templates/rescues/_trace.html.erb (1.1ms)
  Rendering /home/atila/.rvm/gems/ruby-2.5.1/gems/actionpack-5.0.7/lib/action_dispatch/middleware/templates/rescues/_request_and_response.html.erb
  Rendered /home/atila/.rvm/gems/ruby-2.5.1/gems/actionpack-5.0.7/lib/action_dispatch/middleware/templates/rescues/_request_and_response.html.erb (0.6ms)
  Rendered /home/atila/.rvm/gems/ruby-2.5.1/gems/actionpack-5.0.7/lib/action_dispatch/middleware/templates/rescues/diagnostics.html.erb within rescues/layout (18.0ms)
Started GET "/movies" for 127.0.0.1 at 2022-07-17 13:21:30 -0400
  [1m[36mActiveRecord::SchemaMigration Load (0.2ms)[0m  [1m[34mSELECT "schema_migrations".* FROM "schema_migrations"[0m
Processing by MoviesController#index as HTML
Completed 500 Internal Server Error in 16ms (ActiveRecord: 0.0ms)


  
NoMethodError (undefined method `sort_by' for #<Class:0x000055b25fc4f6f0>):
  
app/controllers/movies_controller.rb:4:in `index'
  Rendering /home/atila/.rvm/gems/ruby-2.5.1/gems/actionpack-5.0.7/lib/action_dispatch/middleware/templates/rescues/diagnostics.html.erb within rescues/layout
  Rendering /home/atila/.rvm/gems/ruby-2.5.1/gems/actionpack-5.0.7/lib/action_dispatch/middleware/templates/rescues/_source.html.erb
  Rendered /home/atila/.rvm/gems/ruby-2.5.1/gems/actionpack-5.0.7/lib/action_dispatch/middleware/templates/rescues/_source.html.erb (2.3ms)
  Rendering /home/atila/.rvm/gems/ruby-2.5.1/gems/actionpack-5.0.7/lib/action_dispatch/middleware/templates/rescues/_trace.html.erb
  Rendered /home/atila/.rvm/gems/ruby-2.5.1/gems/actionpack-5.0.7/lib/action_dispatch/middleware/templates/rescues/_trace.html.erb (1.1ms)
  Rendering /home/atila/.rvm/gems/ruby-2.5.1/gems/actionpack-5.0.7/lib/action_dispatch/middleware/templates/rescues/_request_and_response.html.erb
  Rendered /home/atila/.rvm/gems/ruby-2.5.1/gems/actionpack-5.0.7/lib/action_dispatch/middleware/templates/rescues/_request_and_response.html.erb (0.5ms)
  Rendered /home/atila/.rvm/gems/ruby-2.5.1/gems/actionpack-5.0.7/lib/action_dispatch/middleware/templates/rescues/diagnostics.html.erb within rescues/layout (19.3ms)
Started GET "/movies" for 127.0.0.1 at 2022-07-17 13:21:57 -0400
  [1m[36mActiveRecord::SchemaMigration Load (0.2ms)[0m  [1m[34mSELECT "schema_migrations".* FROM "schema_migrations"[0m
Processing by MoviesController#index as HTML
Completed 500 Internal Server Error in 26ms (ActiveRecord: 0.0ms)


  
NoMethodError (undefined method `sort_by' for #<Class:0x0000561d67c4c608>):
  
app/controllers/movies_controller.rb:4:in `index'
  Rendering /home/atila/.rvm/gems/ruby-2.5.1/gems/actionpack-5.0.7/lib/action_dispatch/middleware/templates/rescues/diagnostics.html.erb within rescues/layout
  Rendering /home/atila/.rvm/gems/ruby-2.5.1/gems/actionpack-5.0.7/lib/action_dispatch/middleware/templates/rescues/_source.html.erb
  Rendered /home/atila/.rvm/gems/ruby-2.5.1/gems/actionpack-5.0.7/lib/action_dispatch/middleware/templates/rescues/_source.html.erb (2.9ms)
  Rendering /home/atila/.rvm/gems/ruby-2.5.1/gems/actionpack-5.0.7/lib/action_dispatch/middleware/templates/rescues/_trace.html.erb
  Rendered /home/atila/.rvm/gems/ruby-2.5.1/gems/actionpack-5.0.7/lib/action_dispatch/middleware/templates/rescues/_trace.html.erb (1.3ms)
  Rendering /home/atila/.rvm/gems/ruby-2.5.1/gems/actionpack-5.0.7/lib/action_dispatch/middleware/templates/rescues/_request_and_response.html.erb
  Rendered /home/atila/.rvm/gems/ruby-2.5.1/gems/actionpack-5.0.7/lib/action_dispatch/middleware/templates/rescues/_request_and_response.html.erb (0.7ms)
  Rendered /home/atila/.rvm/gems/ruby-2.5.1/gems/actionpack-5.0.7/lib/action_dispatch/middleware/templates/rescues/diagnostics.html.erb within rescues/layout (20.8ms)
Started GET "/movies" for 127.0.0.1 at 2022-07-17 13:24:38 -0400
  [1m[36mActiveRecord::SchemaMigration Load (0.2ms)[0m  [1m[34mSELECT "schema_migrations".* FROM "schema_migrations"[0m
Processing by MoviesController#index as HTML
  Rendering movies/index.html.haml within layouts/application
  [1m[36mMovie Load (0.3ms)[0m  [1m[34mSELECT "movies".* FROM "movies" ORDER BY title[0m
  Rendered movies/index.html.haml within layouts/application (15.1ms)
Completed 200 OK in 178ms (Views: 168.1ms | ActiveRecord: 0.9ms)


Started GET "/movies" for 127.0.0.1 at 2022-07-17 13:27:22 -0400
  [1m[36mActiveRecord::SchemaMigration Load (0.1ms)[0m  [1m[34mSELECT "schema_migrations".* FROM "schema_migrations"[0m
Processing by MoviesController#index as HTML
  Rendering movies/index.html.haml within layouts/application
  [1m[36mMovie Load (0.5ms)[0m  [1m[34mSELECT "movies".* FROM "movies"[0m
  Rendered movies/index.html.haml within layouts/application (22.4ms)
Completed 200 OK in 185ms (Views: 176.1ms | ActiveRecord: 1.2ms)


Started GET "/movies" for 127.0.0.1 at 2022-07-17 13:27:49 -0400
  [1m[36mActiveRecord::SchemaMigration Load (0.2ms)[0m  [1m[34mSELECT "schema_migrations".* FROM "schema_migrations"[0m
Processing by MoviesController#index as HTML
  Rendering movies/index.html.haml within layouts/application
  [1m[36mMovie Load (0.3ms)[0m  [1m[34mSELECT "movies".* FROM "movies"[0m
  Rendered movies/index.html.haml within layouts/application (15.4ms)
Completed 200 OK in 178ms (Views: 170.2ms | ActiveRecord: 0.8ms)


Started GET "/movies?sort=title" for 127.0.0.1 at 2022-07-17 13:27:52 -0400
Processing by MoviesController#index as HTML
  Parameters: {"sort"=>"title"}
  Rendering movies/index.html.haml within layouts/application
  [1m[36mMovie Load (1.1ms)[0m  [1m[34mSELECT "movies".* FROM "movies" ORDER BY title[0m
  Rendered movies/index.html.haml within layouts/application (17.1ms)
Completed 200 OK in 79ms (Views: 75.7ms | ActiveRecord: 1.1ms)


Started GET "/movies?sort=title" for 127.0.0.1 at 2022-07-17 13:29:15 -0400
  [1m[36mActiveRecord::SchemaMigration Load (0.2ms)[0m  [1m[34mSELECT "schema_migrations".* FROM "schema_migrations"[0m
Processing by MoviesController#index as HTML
  Parameters: {"sort"=>"title"}
  Rendering movies/index.html.haml within layouts/application
  [1m[36mMovie Load (0.5ms)[0m  [1m[34mSELECT "movies".* FROM "movies" ORDER BY title[0m
  Rendered movies/index.html.haml within layouts/application (32.5ms)
Completed 200 OK in 220ms (Views: 210.9ms | ActiveRecord: 1.2ms)


Started GET "/movies?sort=title" for 127.0.0.1 at 2022-07-17 13:29:21 -0400
Processing by MoviesController#index as HTML
  Parameters: {"sort"=>"title"}
  Rendering movies/index.html.haml within layouts/application
  [1m[36mMovie Load (0.6ms)[0m  [1m[34mSELECT "movies".* FROM "movies" ORDER BY title[0m
  Rendered movies/index.html.haml within layouts/application (12.1ms)
Completed 200 OK in 53ms (Views: 51.2ms | ActiveRecord: 0.6ms)


Started GET "/movies?sort=rating" for 127.0.0.1 at 2022-07-17 13:29:22 -0400
Processing by MoviesController#index as HTML
  Parameters: {"sort"=>"rating"}
  Rendering movies/index.html.haml within layouts/application
  [1m[36mMovie Load (0.5ms)[0m  [1m[34mSELECT "movies".* FROM "movies" ORDER BY rating[0m
  Rendered movies/index.html.haml within layouts/application (13.6ms)
Completed 200 OK in 45ms (Views: 43.3ms | ActiveRecord: 0.5ms)


Started GET "/movies?sort=release_date" for 127.0.0.1 at 2022-07-17 13:29:30 -0400
Processing by MoviesController#index as HTML
  Parameters: {"sort"=>"release_date"}
  Rendering movies/index.html.haml within layouts/application
  [1m[36mMovie Load (1.2ms)[0m  [1m[34mSELECT "movies".* FROM "movies" ORDER BY release_date[0m
  Rendered movies/index.html.haml within layouts/application (26.1ms)
Completed 200 OK in 63ms (Views: 60.4ms | ActiveRecord: 1.2ms)


